{"/Users/philiplewis/Documents/Projects/XenElectronic/server/src/app.ts":{"path":"/Users/philiplewis/Documents/Projects/XenElectronic/server/src/app.ts","statementMap":{"0":{"start":{"line":2,"column":22},"end":{"line":4,"column":1}},"1":{"start":{"line":3,"column":4},"end":{"line":3,"column":62}},"2":{"start":{"line":5,"column":0},"end":{"line":5,"column":62}},"3":{"start":{"line":6,"column":18},"end":{"line":6,"column":53}},"4":{"start":{"line":7,"column":24},"end":{"line":7,"column":65}},"5":{"start":{"line":8,"column":17},"end":{"line":8,"column":51}},"6":{"start":{"line":9,"column":15},"end":{"line":9,"column":47}},"7":{"start":{"line":10,"column":18},"end":{"line":10,"column":53}},"8":{"start":{"line":11,"column":17},"end":{"line":11,"column":51}},"9":{"start":{"line":12,"column":32},"end":{"line":12,"column":101}},"10":{"start":{"line":13,"column":25},"end":{"line":13,"column":76}},"11":{"start":{"line":14,"column":23},"end":{"line":14,"column":72}},"12":{"start":{"line":15,"column":23},"end":{"line":15,"column":57}},"13":{"start":{"line":16,"column":17},"end":{"line":16,"column":36}},"14":{"start":{"line":17,"column":12},"end":{"line":17,"column":36}},"15":{"start":{"line":18,"column":19},"end":{"line":18,"column":51}},"16":{"start":{"line":19,"column":0},"end":{"line":19,"column":27}},"17":{"start":{"line":20,"column":0},"end":{"line":20,"column":28}},"18":{"start":{"line":21,"column":0},"end":{"line":21,"column":29}},"19":{"start":{"line":22,"column":0},"end":{"line":22,"column":23}},"20":{"start":{"line":23,"column":0},"end":{"line":23,"column":38}},"21":{"start":{"line":24,"column":0},"end":{"line":24,"column":58}},"22":{"start":{"line":25,"column":0},"end":{"line":25,"column":34}},"23":{"start":{"line":26,"column":0},"end":{"line":26,"column":70}},"24":{"start":{"line":27,"column":0},"end":{"line":27,"column":22}},"25":{"start":{"line":28,"column":0},"end":{"line":28,"column":33}},"26":{"start":{"line":29,"column":0},"end":{"line":29,"column":34}},"27":{"start":{"line":30,"column":0},"end":{"line":34,"column":4}},"28":{"start":{"line":43,"column":0},"end":{"line":49,"column":3}},"29":{"start":{"line":44,"column":4},"end":{"line":44,"column":65}},"30":{"start":{"line":45,"column":4},"end":{"line":45,"column":81}},"31":{"start":{"line":46,"column":4},"end":{"line":46,"column":59}},"32":{"start":{"line":47,"column":4},"end":{"line":47,"column":97}},"33":{"start":{"line":48,"column":4},"end":{"line":48,"column":11}},"34":{"start":{"line":50,"column":0},"end":{"line":50,"column":41}},"35":{"start":{"line":53,"column":0},"end":{"line":53,"column":65}},"36":{"start":{"line":54,"column":0},"end":{"line":54,"column":65}},"37":{"start":{"line":55,"column":0},"end":{"line":57,"column":3}},"38":{"start":{"line":56,"column":4},"end":{"line":56,"column":35}},"39":{"start":{"line":58,"column":0},"end":{"line":58,"column":41}},"40":{"start":{"line":59,"column":0},"end":{"line":59,"column":22}}},"fnMap":{"0":{"name":"(anonymous_0)","decl":{"start":{"line":2,"column":56},"end":{"line":2,"column":57}},"loc":{"start":{"line":2,"column":71},"end":{"line":4,"column":1}},"line":2},"1":{"name":"(anonymous_1)","decl":{"start":{"line":43,"column":8},"end":{"line":43,"column":9}},"loc":{"start":{"line":43,"column":28},"end":{"line":49,"column":1}},"line":43},"2":{"name":"(anonymous_2)","decl":{"start":{"line":55,"column":13},"end":{"line":55,"column":14}},"loc":{"start":{"line":55,"column":27},"end":{"line":57,"column":1}},"line":55}},"branchMap":{"0":{"loc":{"start":{"line":2,"column":22},"end":{"line":4,"column":1}},"type":"binary-expr","locations":[{"start":{"line":2,"column":23},"end":{"line":2,"column":27}},{"start":{"line":2,"column":31},"end":{"line":2,"column":51}},{"start":{"line":2,"column":56},"end":{"line":4,"column":1}}],"line":2},"1":{"loc":{"start":{"line":3,"column":11},"end":{"line":3,"column":61}},"type":"cond-expr","locations":[{"start":{"line":3,"column":37},"end":{"line":3,"column":40}},{"start":{"line":3,"column":43},"end":{"line":3,"column":61}}],"line":3},"2":{"loc":{"start":{"line":3,"column":12},"end":{"line":3,"column":33}},"type":"binary-expr","locations":[{"start":{"line":3,"column":12},"end":{"line":3,"column":15}},{"start":{"line":3,"column":19},"end":{"line":3,"column":33}}],"line":3}},"s":{"0":1,"1":9,"2":1,"3":1,"4":1,"5":1,"6":1,"7":1,"8":1,"9":1,"10":1,"11":1,"12":1,"13":1,"14":1,"15":1,"16":1,"17":1,"18":1,"19":1,"20":1,"21":1,"22":1,"23":1,"24":1,"25":1,"26":1,"27":1,"28":1,"29":0,"30":0,"31":0,"32":0,"33":0,"34":1,"35":1,"36":1,"37":1,"38":0,"39":1,"40":1},"f":{"0":9,"1":0,"2":0},"b":{"0":[1,1,1],"1":[3,6],"2":[9,9]},"inputSourceMap":{"version":3,"file":"/Users/philiplewis/Documents/Projects/XenElectronic/server/src/app.ts","sources":["/Users/philiplewis/Documents/Projects/XenElectronic/server/src/app.ts"],"names":[],"mappings":";;;;;AAAA,sDAA4E;AAE5E,kEAAyC;AACzC,oDAA4B;AAC5B,gDAAwB;AACxB,sDAA8B;AAC9B,oDAA4B;AAE5B,sGAA8E;AAC9E,6EAAqD;AACrD,yEAAiD;AAEjD,0DAA6D;AAE7D,qCAAkC;AAElC,MAAM,GAAG,GAAY,IAAA,iBAAO,GAAE,CAAC;AAE/B,MAAM,UAAU,GAAG,OAAO,CAAC,uBAAuB,CAAC,CAAC;AACpD,OAAO,CAAC,QAAQ,CAAC,CAAC,MAAM,EAAE,CAAC;AAE3B,GAAG,CAAC,OAAO,CAAC,cAAc,CAAC,CAAC;AAE5B,GAAG,CAAC,GAAG,CAAC,aAAa,EAAE,IAAI,CAAC,CAAC;AAC7B,GAAG,CAAC,GAAG,CAAC,MAAM,EAAE,KAAK,CAAC,CAAC;AAEvB,GAAG,CAAC,GAAG,CAAC,IAAA,gBAAM,EAAC,KAAK,CAAC,CAAC,CAAC;AACvB,GAAG,CAAC,GAAG,CAAC,iBAAO,CAAC,UAAU,CAAC,EAAE,QAAQ,EAAE,IAAI,EAAE,CAAC,CAAC,CAAC;AAChD,GAAG,CAAC,GAAG,CAAC,iBAAO,CAAC,IAAI,EAAE,CAAC,CAAC;AACxB,GAAG,CAAC,GAAG,CAAC,IAAA,uBAAY,EAAC,OAAO,CAAC,GAAG,CAAC,kBAAkB,CAAC,CAAC,CAAC;AACtD,GAAG,CAAC,GAAG,CAAC,UAAU,EAAE,CAAC,CAAC;AACtB,GAAG,CAAC,GAAG,CAAC,IAAA,gBAAM,GAAE,CAAC,CAAC;AAClB,GAAG,CAAC,GAAG,CAAC,IAAA,iBAAO,GAAE,CAAC,CAAC;AAEnB,GAAG,CAAC,GAAG,CACL,IAAA,cAAI,EAAC;IACH,MAAM,EAAE,eAAM,CAAC,YAAY;IAC3B,OAAO,EAAE,CAAC,KAAK,EAAE,MAAM,EAAE,OAAO,EAAE,QAAQ,CAAC;IAC3C,WAAW,EAAE,IAAI;CAClB,CAAC,CACH,CAAC;AAEF,WAAW;AACX,gBAAgB;AAChB,8CAA8C;AAC9C,qFAAqF;AACrF,oFAAoF;AACpF,mEAAmE;AACnE,OAAO;AACP,KAAK;AAEL,GAAG,CAAC,GAAG,CAAC,CAAC,GAAG,EAAE,GAAG,EAAE,IAAkB,EAAE,EAAE;IACvC,GAAG,CAAC,MAAM,CAAC,cAAc,EAAE,gCAAgC,CAAC,CAAC;IAC7D,GAAG,CAAC,MAAM,CAAC,kCAAkC,EAAE,eAAM,CAAC,YAAY,CAAC,CAAC;IACpE,GAAG,CAAC,MAAM,CAAC,kCAAkC,EAAE,MAAM,CAAC,CAAC;IACvD,GAAG,CAAC,MAAM,CACR,8BAA8B,EAC9B,gDAAgD,CACjD,CAAC;IACF,IAAI,EAAE,CAAC;AACT,CAAC,CAAC,CAAC;AAEH,IAAA,iCAAkB,GAAE,CAAC;AACrB,mBAAmB;AACnB,gBAAgB;AAEhB,GAAG,CAAC,GAAG,CAAC,GAAG,eAAM,CAAC,GAAG,SAAS,EAAE,sBAAY,CAAC,CAAC;AAE9C,GAAG,CAAC,GAAG,CAAC,GAAG,eAAM,CAAC,GAAG,OAAO,EAAE,wBAAc,CAAC,CAAC;AAE9C,GAAG,CAAC,GAAG,CAAC,GAAG,EAAE,CAAC,GAAG,EAAE,GAAG,EAAE,EAAE;IACxB,GAAG,CAAC,IAAI,CAAC,oBAAoB,CAAC,CAAC;AACjC,CAAC,CAAC,CAAC;AAEH,GAAG,CAAC,GAAG,CAAC,+BAAqB,CAAC,CAAC;AAE/B,kBAAe,GAAG,CAAC","sourcesContent":["import express, { Express, Request, response, NextFunction } from 'express';\n\nimport cookieParser from 'cookie-parser';\nimport helmet from 'helmet';\nimport cors from 'cors';\nimport nocache from 'nocache';\nimport morgan from 'morgan';\nimport rateLimit from 'express-rate-limit';\nimport customErrorMiddleware from './middleware/custom/customErrorMiddleware';\nimport userAuthRoutes from './routes/userAuthRoutes';\nimport publicRoutes from './routes/publicRoutes';\n\nimport { databaseConnection } from './database/dbConnection';\nimport { productSeeder, deleteSeed } from './database/seed/dbProductSeeder';\nimport { config } from './config';\n\nconst app: Express = express();\n\nconst boolParser = require('express-query-boolean');\nrequire('dotenv').config();\n\napp.disable('x-powered-by');\n\napp.set('trust proxy', true);\napp.set('etag', false);\n\napp.use(morgan('dev'));\napp.use(express.urlencoded({ extended: true }));\napp.use(express.json());\napp.use(cookieParser(process.env.WALKERS_SHORTBREAD));\napp.use(boolParser());\napp.use(helmet());\napp.use(nocache());\n\napp.use(\n  cors({\n    origin: config.frontendPort,\n    methods: ['GET', 'POST', 'PATCH', 'DELETE'],\n    credentials: true,\n  })\n);\n\n// app.use(\n//   rateLimit({\n//     windowMs: 15 * 60 * 1000, // 15 minutes\n//     max: 100, // Limit each IP to 100 requests per `window` (here, per 15 minutes)\n//     standardHeaders: true, // Return rate limit info in the `RateLimit-*` headers\n//     legacyHeaders: false, // Disable the `X-RateLimit-*` headers\n//   })\n// );\n\napp.use((req, res, next: NextFunction) => {\n  res.header('Content-Type', 'application/json;charset=UTF-8');\n  res.header('Access-Control-Allow-Credentials', config.frontendPort);\n  res.header('Access-Control-Allow-Credentials', 'true');\n  res.header(\n    'Access-Control-Allow-Headers',\n    'Origin, X-Requested-With, Content-Type, Accept'\n  );\n  next();\n});\n\ndatabaseConnection();\n// productSeeder();\n// deleteSeed();\n\napp.use(`${config.URL}/public`, publicRoutes);\n\napp.use(`${config.URL}/user`, userAuthRoutes);\n\napp.get('*', (req, res) => {\n  res.send('Page does not exit');\n});\n\napp.use(customErrorMiddleware);\n\nexport default app;\n"]},"_coverageSchema":"1a1c01bbd47fc00a2c39e90264f33305004495a9","hash":"72ef7050b5f36a1a0d7763e3a3349988eb061a0e"},"/Users/philiplewis/Documents/Projects/XenElectronic/server/src/middleware/custom/customErrorMiddleware.ts":{"path":"/Users/philiplewis/Documents/Projects/XenElectronic/server/src/middleware/custom/customErrorMiddleware.ts","statementMap":{"0":{"start":{"line":2,"column":16},"end":{"line":10,"column":1}},"1":{"start":{"line":3,"column":28},"end":{"line":3,"column":110}},"2":{"start":{"line":3,"column":91},"end":{"line":3,"column":106}},"3":{"start":{"line":4,"column":4},"end":{"line":9,"column":7}},"4":{"start":{"line":5,"column":36},"end":{"line":5,"column":97}},"5":{"start":{"line":5,"column":42},"end":{"line":5,"column":70}},"6":{"start":{"line":5,"column":85},"end":{"line":5,"column":95}},"7":{"start":{"line":6,"column":35},"end":{"line":6,"column":100}},"8":{"start":{"line":6,"column":41},"end":{"line":6,"column":73}},"9":{"start":{"line":6,"column":88},"end":{"line":6,"column":98}},"10":{"start":{"line":7,"column":32},"end":{"line":7,"column":116}},"11":{"start":{"line":8,"column":8},"end":{"line":8,"column":78}},"12":{"start":{"line":11,"column":0},"end":{"line":11,"column":62}},"13":{"start":{"line":12,"column":30},"end":{"line":15,"column":2}},"14":{"start":{"line":12,"column":55},"end":{"line":15,"column":2}},"15":{"start":{"line":13,"column":22},"end":{"line":13,"column":25}},"16":{"start":{"line":14,"column":4},"end":{"line":14,"column":52}},"17":{"start":{"line":16,"column":0},"end":{"line":16,"column":40}}},"fnMap":{"0":{"name":"(anonymous_0)","decl":{"start":{"line":2,"column":44},"end":{"line":2,"column":45}},"loc":{"start":{"line":2,"column":89},"end":{"line":10,"column":1}},"line":2},"1":{"name":"adopt","decl":{"start":{"line":3,"column":13},"end":{"line":3,"column":18}},"loc":{"start":{"line":3,"column":26},"end":{"line":3,"column":112}},"line":3},"2":{"name":"(anonymous_2)","decl":{"start":{"line":3,"column":70},"end":{"line":3,"column":71}},"loc":{"start":{"line":3,"column":89},"end":{"line":3,"column":108}},"line":3},"3":{"name":"(anonymous_3)","decl":{"start":{"line":4,"column":36},"end":{"line":4,"column":37}},"loc":{"start":{"line":4,"column":63},"end":{"line":9,"column":5}},"line":4},"4":{"name":"fulfilled","decl":{"start":{"line":5,"column":17},"end":{"line":5,"column":26}},"loc":{"start":{"line":5,"column":34},"end":{"line":5,"column":99}},"line":5},"5":{"name":"rejected","decl":{"start":{"line":6,"column":17},"end":{"line":6,"column":25}},"loc":{"start":{"line":6,"column":33},"end":{"line":6,"column":102}},"line":6},"6":{"name":"step","decl":{"start":{"line":7,"column":17},"end":{"line":7,"column":21}},"loc":{"start":{"line":7,"column":30},"end":{"line":7,"column":118}},"line":7},"7":{"name":"(anonymous_7)","decl":{"start":{"line":12,"column":30},"end":{"line":12,"column":31}},"loc":{"start":{"line":12,"column":55},"end":{"line":15,"column":2}},"line":12},"8":{"name":"(anonymous_8)","decl":{"start":{"line":12,"column":89},"end":{"line":12,"column":90}},"loc":{"start":{"line":12,"column":102},"end":{"line":15,"column":1}},"line":12}},"branchMap":{"0":{"loc":{"start":{"line":2,"column":16},"end":{"line":10,"column":1}},"type":"binary-expr","locations":[{"start":{"line":2,"column":17},"end":{"line":2,"column":21}},{"start":{"line":2,"column":25},"end":{"line":2,"column":39}},{"start":{"line":2,"column":44},"end":{"line":10,"column":1}}],"line":2},"1":{"loc":{"start":{"line":3,"column":35},"end":{"line":3,"column":109}},"type":"cond-expr","locations":[{"start":{"line":3,"column":56},"end":{"line":3,"column":61}},{"start":{"line":3,"column":64},"end":{"line":3,"column":109}}],"line":3},"2":{"loc":{"start":{"line":4,"column":16},"end":{"line":4,"column":34}},"type":"binary-expr","locations":[{"start":{"line":4,"column":16},"end":{"line":4,"column":17}},{"start":{"line":4,"column":22},"end":{"line":4,"column":33}}],"line":4},"3":{"loc":{"start":{"line":7,"column":32},"end":{"line":7,"column":115}},"type":"cond-expr","locations":[{"start":{"line":7,"column":46},"end":{"line":7,"column":67}},{"start":{"line":7,"column":70},"end":{"line":7,"column":115}}],"line":7},"4":{"loc":{"start":{"line":8,"column":51},"end":{"line":8,"column":67}},"type":"binary-expr","locations":[{"start":{"line":8,"column":51},"end":{"line":8,"column":61}},{"start":{"line":8,"column":65},"end":{"line":8,"column":67}}],"line":8}},"s":{"0":1,"1":0,"2":0,"3":0,"4":0,"5":0,"6":0,"7":0,"8":0,"9":0,"10":0,"11":0,"12":1,"13":1,"14":0,"15":0,"16":0,"17":1},"f":{"0":0,"1":0,"2":0,"3":0,"4":0,"5":0,"6":0,"7":0,"8":0},"b":{"0":[1,1,1],"1":[0,0],"2":[0,0],"3":[0,0],"4":[0,0]},"inputSourceMap":{"version":3,"file":"/Users/philiplewis/Documents/Projects/XenElectronic/server/src/middleware/custom/customErrorMiddleware.ts","sources":["/Users/philiplewis/Documents/Projects/XenElectronic/server/src/middleware/custom/customErrorMiddleware.ts"],"names":[],"mappings":";;;;;;;;;;;AAWA,MAAM,qBAAqB,GAAG,CAC5B,GAA8B,EAC9B,GAAY,EACZ,GAAa,EACb,IAAkB,EAClB,EAAE;IACF,MAAM,EAAE,KAAK,EAAE,GAAG,GAAG,CAAC;IACtB,OAAO,GAAG,CAAC,MAAM,CAAC,KAAK,CAAC,KAAK,CAAC,IAAI,CAAC,CAAC,IAAI,CAAC,KAAK,CAAC,CAAC;AAClD,CAAC,CAAA,CAAC;AAEF,kBAAe,qBAAqB,CAAC","sourcesContent":["import modifiedErrorHandler from \"./modifiedErrorHandler\";\n// Also import a custom error model for storing errors\n\nimport express, {\n  ErrorRequestHandler,\n  Request,\n  Response,\n  NextFunction,\n  RequestHandler,\n} from \"express\";\n\nconst customErrorMiddleware = async (\n  err: ErrorRequestHandler | any,\n  req: Request,\n  res: Response,\n  next: NextFunction\n) => {\n  const { error } = err;\n  return res.status(error.error.code).json(error);\n};\n\nexport default customErrorMiddleware;\n"]},"_coverageSchema":"1a1c01bbd47fc00a2c39e90264f33305004495a9","hash":"563b24dd6e2f209025494934067c1dcb70173a67"},"/Users/philiplewis/Documents/Projects/XenElectronic/server/src/routes/userAuthRoutes.ts":{"path":"/Users/philiplewis/Documents/Projects/XenElectronic/server/src/routes/userAuthRoutes.ts","statementMap":{"0":{"start":{"line":2,"column":22},"end":{"line":4,"column":1}},"1":{"start":{"line":3,"column":4},"end":{"line":3,"column":62}},"2":{"start":{"line":5,"column":0},"end":{"line":5,"column":62}},"3":{"start":{"line":6,"column":18},"end":{"line":6,"column":36}},"4":{"start":{"line":7,"column":28},"end":{"line":7,"column":73}},"5":{"start":{"line":8,"column":15},"end":{"line":8,"column":38}},"6":{"start":{"line":10,"column":0},"end":{"line":10,"column":50}},"7":{"start":{"line":11,"column":31},"end":{"line":11,"column":96}},"8":{"start":{"line":12,"column":28},"end":{"line":12,"column":83}},"9":{"start":{"line":13,"column":28},"end":{"line":13,"column":81}},"10":{"start":{"line":14,"column":33},"end":{"line":14,"column":95}},"11":{"start":{"line":15,"column":29},"end":{"line":15,"column":73}},"12":{"start":{"line":47,"column":0},"end":{"line":54,"column":3}},"13":{"start":{"line":57,"column":0},"end":{"line":64,"column":3}},"14":{"start":{"line":84,"column":0},"end":{"line":91,"column":3}},"15":{"start":{"line":94,"column":0},"end":{"line":101,"column":3}},"16":{"start":{"line":128,"column":0},"end":{"line":137,"column":3}},"17":{"start":{"line":140,"column":0},"end":{"line":149,"column":3}},"18":{"start":{"line":152,"column":0},"end":{"line":161,"column":3}},"19":{"start":{"line":162,"column":0},"end":{"line":162,"column":25}}},"fnMap":{"0":{"name":"(anonymous_0)","decl":{"start":{"line":2,"column":56},"end":{"line":2,"column":57}},"loc":{"start":{"line":2,"column":71},"end":{"line":4,"column":1}},"line":2}},"branchMap":{"0":{"loc":{"start":{"line":2,"column":22},"end":{"line":4,"column":1}},"type":"binary-expr","locations":[{"start":{"line":2,"column":23},"end":{"line":2,"column":27}},{"start":{"line":2,"column":31},"end":{"line":2,"column":51}},{"start":{"line":2,"column":56},"end":{"line":4,"column":1}}],"line":2},"1":{"loc":{"start":{"line":3,"column":11},"end":{"line":3,"column":61}},"type":"cond-expr","locations":[{"start":{"line":3,"column":37},"end":{"line":3,"column":40}},{"start":{"line":3,"column":43},"end":{"line":3,"column":61}}],"line":3},"2":{"loc":{"start":{"line":3,"column":12},"end":{"line":3,"column":33}},"type":"binary-expr","locations":[{"start":{"line":3,"column":12},"end":{"line":3,"column":15}},{"start":{"line":3,"column":19},"end":{"line":3,"column":33}}],"line":3}},"s":{"0":1,"1":1,"2":1,"3":1,"4":1,"5":1,"6":1,"7":1,"8":1,"9":1,"10":1,"11":1,"12":1,"13":1,"14":1,"15":1,"16":1,"17":1,"18":1,"19":1},"f":{"0":1},"b":{"0":[1,1,1],"1":[0,1],"2":[1,1]},"inputSourceMap":{"version":3,"file":"/Users/philiplewis/Documents/Projects/XenElectronic/server/src/routes/userAuthRoutes.ts","sources":["/Users/philiplewis/Documents/Projects/XenElectronic/server/src/routes/userAuthRoutes.ts"],"names":[],"mappings":";;;;;AAAA,qCAAiC;AACjC,0EAA0C;AAE1C,MAAM,MAAM,GAAG,IAAA,gBAAM,GAAE,CAAC;AACxB,4EAA4E;AAC5E,MAAM,CAAC,GAAG,CAAC,2BAAS,CAAC,OAAO,EAAE,CAAC,CAAC;AAEhC,iGAGgE;AAEhE,oFAMsD;AAEtD,kFAMoD;AAEpD,gGAK6D;AAE7D,0EAQ2C;AAE3C;;;;;;;;;;;GAWG;AAEH;;;;;;;;;;;;;;;;GAgBG;AAEH,qDAAqD;AACrD,uDAAuD;AACvD,MAAM;KACH,KAAK,CAAC,SAAS,CAAC;KAChB,IAAI,CAAC;IACJ,2CAAuB;IACvB,2CAAuB;IACvB,4CAAmB;IACnB,6CAAwB;CACzB,CAAC,CAAC;AAEL,oDAAoD;AACpD,+CAA+C;AAC/C,MAAM;KACH,KAAK,CAAC,QAAQ,CAAC;KACf,IAAI,CAAC;IACJ,0CAAsB;IACtB,0CAAsB;IACtB,2CAAkB;IAClB,4CAAuB;CACxB,CAAC,CAAC;AAEL;;;;;;;;;;;;;;;;GAgBG;AAEH,qDAAqD;AACrD,gDAAgD;AAChD,MAAM;KACH,KAAK,CAAC,SAAS,CAAC;KAChB,GAAG,CAAC;IACH,kDAA2B;IAC3B,iDAA0B;IAC1B,gDAAuB;IACvB,6CAAwB;CACzB,CAAC,CAAC;AAEL,qDAAqD;AACrD,oEAAoE;AACpE,MAAM;KACH,KAAK,CAAC,SAAS,CAAC;KAChB,GAAG,CAAC;IACH,kDAA2B;IAC3B,iDAA0B;IAC1B,gDAAuB;IACvB,6CAAwB;CACzB,CAAC,CAAC;AAEL;;;;;;;;;;;;;;;;;;;;;;;GAuBG;AAEH,2DAA2D;AAC3D,wDAAwD;AACxD,MAAM;KACH,KAAK,CAAC,eAAe,CAAC;KACtB,KAAK,CAAC;IACL,kDAA2B;IAC3B,iDAA0B;IAC1B,4CAAwB;IACxB,4CAAwB;IACxB,qDAA4B;IAC5B,8CAAyB;CAC1B,CAAC,CAAC;AAEL,8DAA8D;AAC9D,2DAA2D;AAC3D,MAAM;KACH,KAAK,CAAC,kBAAkB,CAAC;KACzB,KAAK,CAAC;IACL,kDAA2B;IAC3B,iDAA0B;IAC1B,+CAA2B;IAC3B,+CAA2B;IAC3B,qDAA4B;IAC5B,iDAA4B;CAC7B,CAAC,CAAC;AAEL,qDAAqD;AACrD,oEAAoE;AACpE,MAAM;KACH,KAAK,CAAC,SAAS,CAAC;KAChB,MAAM,CAAC;IACN,kDAA2B;IAC3B,iDAA0B;IAC1B,2CAAuB;IACvB,2CAAuB;IACvB,qDAA4B;IAC5B,6CAAwB;CACzB,CAAC,CAAC;AAEL,kBAAe,MAAM,CAAC","sourcesContent":["import { Router } from 'express';\nimport userAgent from 'express-useragent';\n\nconst router = Router();\n// Added a useragent middleware to store user device data for added security\nrouter.use(userAgent.express());\n\nimport {\n  refreshCookieAuthentication,\n  accessCookieAuthentication,\n} from '../infosec/cookies/authentication/cookieAuthentication';\n\nimport {\n  signUpUserDataSanitizer,\n  logInUserDataSanitizer,\n  updateUserEmailSanitizer,\n  updateUserPasswordSanitizer,\n  deleteUserDataSanitizer,\n} from '../middleware/sanitization/userAuthSanitizer';\n\nimport {\n  signUpUserDataValidator,\n  logInUserDataValidator,\n  updateUserEmailValidator,\n  updateUserPasswordValidator,\n  deleteUserDataValidator,\n} from '../middleware/validation/userAuthValidator';\n\nimport {\n  signUpAuthenticator,\n  logInAuthenticator,\n  verifyUserAuthenticator,\n  userCredentialsAuthenticator,\n} from '../middleware/authentication/userAuthAuthentication';\n\nimport {\n  signUpUserDataController,\n  loginUserDataController,\n  logOutUserDataController,\n  verifyUserDataController,\n  updateUserEmailController,\n  updateUserPasswordController,\n  deleteUserDataController,\n} from '../controllers/userAuthController';\n\n/**\n * * Router : User Auth\n * * Description : Routes for all user auth activites\n * ! User Activities :\n * ! - Sign Up\n * ! - Log In\n * ! - Log Out,\n * ! - Verify,\n * ! - Update Email,\n * ! - Update Password,\n * ! - Delete User\n */\n\n/**\n * * Signup and login routes have the same flow of middlewares as follows:\n *\n * 1 . Sanitizer\n *    - Sanitized incoming data with sanitize-html to prevent XSS attacks\n *\n * 2 . Validator\n *    - Validates sanitized data in accordance to database schema\n *\n * 3 . Authenticator\n *    - Authenticates if user with credentials from the cookies are valid\n *\n * 4 . Controller\n *    - Functions as the main function of the route.\n *      - Sign Up : Will add user credentials to the database and log in user\n *      - Log In : Logs in user\n */\n\n// ! Route : http://localhost:4000/api_v1/user/signup\n// * Description : API Endpoint for signing up new user\nrouter\n  .route('/signup')\n  .post([\n    signUpUserDataSanitizer,\n    signUpUserDataValidator,\n    signUpAuthenticator,\n    signUpUserDataController,\n  ]);\n\n// ! Route : http://localhost:4000/api_v1/user/login\n// * Description : API Endpoint for user log in\nrouter\n  .route('/login')\n  .post([\n    logInUserDataSanitizer,\n    logInUserDataValidator,\n    logInAuthenticator,\n    loginUserDataController,\n  ]);\n\n/**\n * * Logout and verify routes have the same flow of middlewares as follows:\n *\n * 1 . Refresh Cookie Authentication\n *    - Authenticates if user has a valid refresh cookie\n *\n * 2 . Access Cookie Authentication\n *    - Authenticates if user has a valid access cookie\n *\n * 3 . Authenticator\n *    - Authenticates if user with credentials from the cookies are valid\n *\n * 4 . Controller\n *    - Functions as the main function of the route.\n *      - log Out : Will log out user\n *      - Verify : Will verify if logged in user is still valid\n */\n\n// ! Route : http://localhost:4000/api_v1/user/logout\n// * Description : API Endpoint for user log out\nrouter\n  .route('/logout')\n  .get([\n    refreshCookieAuthentication,\n    accessCookieAuthentication,\n    verifyUserAuthenticator,\n    logOutUserDataController,\n  ]);\n\n// ! Route : http://localhost:4000/api_v1/user/verify\n// * Description : API Endpoint to verify if user is still logged in\nrouter\n  .route('/verify')\n  .get([\n    refreshCookieAuthentication,\n    accessCookieAuthentication,\n    verifyUserAuthenticator,\n    verifyUserDataController,\n  ]);\n\n/**\n * * Update Email, Update Password and Delete User routes have the same flow of middlewares as follows:\n *\n * 1 . Refresh Cookie Authentication\n *    - Authenticates if user has a valid refresh cookie\n *\n * 2 . Access Cookie Authentication\n *    - Authenticates if user has a valid access cookie\n *\n * 3 . Sanitizer\n *    - Sanitized incoming data with sanitize-html to prevent XSS attacks\n *\n * 4 . Validator\n *    - Validates sanitized data in accordance to database schema\n *\n * 5 . Authenticator\n *    - Authenticates if user with credentials from the cookies are valid\n *\n * 6 . Controller\n *    - Functions as the main function of the route.\n *      - Update Email : Updates user email in the database\n *      - Update Password : Hashes password and updates password in the database\n *      - Delete User : Deletes user and all associated products in the database\n */\n\n// ! Route : http://localhost:4000/api_v1/user/update/email\n// * Description : API Endpoint for user to update email\nrouter\n  .route('/update/email')\n  .patch([\n    refreshCookieAuthentication,\n    accessCookieAuthentication,\n    updateUserEmailSanitizer,\n    updateUserEmailValidator,\n    userCredentialsAuthenticator,\n    updateUserEmailController,\n  ]);\n\n// ! Route : http://localhost:4000/api_v1/user/update/password\n// * Description : API Endpoint for user to update password\nrouter\n  .route('/update/password')\n  .patch([\n    refreshCookieAuthentication,\n    accessCookieAuthentication,\n    updateUserPasswordSanitizer,\n    updateUserPasswordValidator,\n    userCredentialsAuthenticator,\n    updateUserPasswordController,\n  ]);\n\n// ! Route : http://localhost:4000/api_v1/user/delete\n// * Description : API Endpoint for user to delete their own account\nrouter\n  .route('/delete')\n  .delete([\n    refreshCookieAuthentication,\n    accessCookieAuthentication,\n    deleteUserDataSanitizer,\n    deleteUserDataValidator,\n    userCredentialsAuthenticator,\n    deleteUserDataController,\n  ]);\n\nexport default router;\n"]},"_coverageSchema":"1a1c01bbd47fc00a2c39e90264f33305004495a9","hash":"4b884f378a50dda975d48f4eee22da80789e9a13"},"/Users/philiplewis/Documents/Projects/XenElectronic/server/src/infosec/cookies/authentication/cookieAuthentication.ts":{"path":"/Users/philiplewis/Documents/Projects/XenElectronic/server/src/infosec/cookies/authentication/cookieAuthentication.ts","statementMap":{"0":{"start":{"line":2,"column":16},"end":{"line":10,"column":1}},"1":{"start":{"line":3,"column":28},"end":{"line":3,"column":110}},"2":{"start":{"line":3,"column":91},"end":{"line":3,"column":106}},"3":{"start":{"line":4,"column":4},"end":{"line":9,"column":7}},"4":{"start":{"line":5,"column":36},"end":{"line":5,"column":97}},"5":{"start":{"line":5,"column":42},"end":{"line":5,"column":70}},"6":{"start":{"line":5,"column":85},"end":{"line":5,"column":95}},"7":{"start":{"line":6,"column":35},"end":{"line":6,"column":100}},"8":{"start":{"line":6,"column":41},"end":{"line":6,"column":73}},"9":{"start":{"line":6,"column":88},"end":{"line":6,"column":98}},"10":{"start":{"line":7,"column":32},"end":{"line":7,"column":116}},"11":{"start":{"line":8,"column":8},"end":{"line":8,"column":78}},"12":{"start":{"line":11,"column":22},"end":{"line":13,"column":1}},"13":{"start":{"line":12,"column":4},"end":{"line":12,"column":62}},"14":{"start":{"line":14,"column":0},"end":{"line":14,"column":62}},"15":{"start":{"line":15,"column":0},"end":{"line":15,"column":82}},"16":{"start":{"line":16,"column":15},"end":{"line":16,"column":47}},"17":{"start":{"line":17,"column":19},"end":{"line":17,"column":54}},"18":{"start":{"line":18,"column":23},"end":{"line":18,"column":63}},"19":{"start":{"line":19,"column":23},"end":{"line":19,"column":81}},"20":{"start":{"line":20,"column":31},"end":{"line":20,"column":106}},"21":{"start":{"line":21,"column":30},"end":{"line":21,"column":77}},"22":{"start":{"line":22,"column":26},"end":{"line":22,"column":93}},"23":{"start":{"line":23,"column":36},"end":{"line":35,"column":3}},"24":{"start":{"line":23,"column":84},"end":{"line":35,"column":2}},"25":{"start":{"line":24,"column":4},"end":{"line":34,"column":5}},"26":{"start":{"line":25,"column":30},"end":{"line":25,"column":79}},"27":{"start":{"line":26,"column":26},"end":{"line":26,"column":98}},"28":{"start":{"line":27,"column":8},"end":{"line":30,"column":9}},"29":{"start":{"line":28,"column":12},"end":{"line":28,"column":69}},"30":{"start":{"line":29,"column":12},"end":{"line":29,"column":26}},"31":{"start":{"line":33,"column":8},"end":{"line":33,"column":98}},"32":{"start":{"line":36,"column":0},"end":{"line":36,"column":66}},"33":{"start":{"line":37,"column":35},"end":{"line":75,"column":3}},"34":{"start":{"line":37,"column":83},"end":{"line":75,"column":2}},"35":{"start":{"line":38,"column":4},"end":{"line":74,"column":5}},"36":{"start":{"line":39,"column":52},"end":{"line":39,"column":62}},"37":{"start":{"line":40,"column":29},"end":{"line":40,"column":77}},"38":{"start":{"line":41,"column":8},"end":{"line":70,"column":11}},"39":{"start":{"line":42,"column":12},"end":{"line":69,"column":15}},"40":{"start":{"line":43,"column":16},"end":{"line":62,"column":17}},"41":{"start":{"line":44,"column":20},"end":{"line":61,"column":21}},"42":{"start":{"line":45,"column":47},"end":{"line":51,"column":26}},"43":{"start":{"line":52,"column":45},"end":{"line":54,"column":62}},"44":{"start":{"line":55,"column":24},"end":{"line":56,"column":55}},"45":{"start":{"line":57,"column":24},"end":{"line":57,"column":38}},"46":{"start":{"line":60,"column":24},"end":{"line":60,"column":42}},"47":{"start":{"line":63,"column":16},"end":{"line":67,"column":17}},"48":{"start":{"line":64,"column":20},"end":{"line":65,"column":62}},"49":{"start":{"line":66,"column":20},"end":{"line":66,"column":34}},"50":{"start":{"line":68,"column":16},"end":{"line":68,"column":34}},"51":{"start":{"line":73,"column":8},"end":{"line":73,"column":98}},"52":{"start":{"line":76,"column":0},"end":{"line":76,"column":64}}},"fnMap":{"0":{"name":"(anonymous_0)","decl":{"start":{"line":2,"column":44},"end":{"line":2,"column":45}},"loc":{"start":{"line":2,"column":89},"end":{"line":10,"column":1}},"line":2},"1":{"name":"adopt","decl":{"start":{"line":3,"column":13},"end":{"line":3,"column":18}},"loc":{"start":{"line":3,"column":26},"end":{"line":3,"column":112}},"line":3},"2":{"name":"(anonymous_2)","decl":{"start":{"line":3,"column":70},"end":{"line":3,"column":71}},"loc":{"start":{"line":3,"column":89},"end":{"line":3,"column":108}},"line":3},"3":{"name":"(anonymous_3)","decl":{"start":{"line":4,"column":36},"end":{"line":4,"column":37}},"loc":{"start":{"line":4,"column":63},"end":{"line":9,"column":5}},"line":4},"4":{"name":"fulfilled","decl":{"start":{"line":5,"column":17},"end":{"line":5,"column":26}},"loc":{"start":{"line":5,"column":34},"end":{"line":5,"column":99}},"line":5},"5":{"name":"rejected","decl":{"start":{"line":6,"column":17},"end":{"line":6,"column":25}},"loc":{"start":{"line":6,"column":33},"end":{"line":6,"column":102}},"line":6},"6":{"name":"step","decl":{"start":{"line":7,"column":17},"end":{"line":7,"column":21}},"loc":{"start":{"line":7,"column":30},"end":{"line":7,"column":118}},"line":7},"7":{"name":"(anonymous_7)","decl":{"start":{"line":11,"column":56},"end":{"line":11,"column":57}},"loc":{"start":{"line":11,"column":71},"end":{"line":13,"column":1}},"line":11},"8":{"name":"(anonymous_8)","decl":{"start":{"line":23,"column":64},"end":{"line":23,"column":65}},"loc":{"start":{"line":23,"column":84},"end":{"line":35,"column":2}},"line":23},"9":{"name":"(anonymous_9)","decl":{"start":{"line":23,"column":118},"end":{"line":23,"column":119}},"loc":{"start":{"line":23,"column":131},"end":{"line":35,"column":1}},"line":23},"10":{"name":"(anonymous_10)","decl":{"start":{"line":37,"column":63},"end":{"line":37,"column":64}},"loc":{"start":{"line":37,"column":83},"end":{"line":75,"column":2}},"line":37},"11":{"name":"(anonymous_11)","decl":{"start":{"line":37,"column":117},"end":{"line":37,"column":118}},"loc":{"start":{"line":37,"column":130},"end":{"line":75,"column":1}},"line":37},"12":{"name":"(anonymous_12)","decl":{"start":{"line":41,"column":80},"end":{"line":41,"column":81}},"loc":{"start":{"line":41,"column":104},"end":{"line":70,"column":9}},"line":41},"13":{"name":"(anonymous_13)","decl":{"start":{"line":42,"column":51},"end":{"line":42,"column":52}},"loc":{"start":{"line":42,"column":64},"end":{"line":69,"column":13}},"line":42}},"branchMap":{"0":{"loc":{"start":{"line":2,"column":16},"end":{"line":10,"column":1}},"type":"binary-expr","locations":[{"start":{"line":2,"column":17},"end":{"line":2,"column":21}},{"start":{"line":2,"column":25},"end":{"line":2,"column":39}},{"start":{"line":2,"column":44},"end":{"line":10,"column":1}}],"line":2},"1":{"loc":{"start":{"line":3,"column":35},"end":{"line":3,"column":109}},"type":"cond-expr","locations":[{"start":{"line":3,"column":56},"end":{"line":3,"column":61}},{"start":{"line":3,"column":64},"end":{"line":3,"column":109}}],"line":3},"2":{"loc":{"start":{"line":4,"column":16},"end":{"line":4,"column":34}},"type":"binary-expr","locations":[{"start":{"line":4,"column":16},"end":{"line":4,"column":17}},{"start":{"line":4,"column":22},"end":{"line":4,"column":33}}],"line":4},"3":{"loc":{"start":{"line":7,"column":32},"end":{"line":7,"column":115}},"type":"cond-expr","locations":[{"start":{"line":7,"column":46},"end":{"line":7,"column":67}},{"start":{"line":7,"column":70},"end":{"line":7,"column":115}}],"line":7},"4":{"loc":{"start":{"line":8,"column":51},"end":{"line":8,"column":67}},"type":"binary-expr","locations":[{"start":{"line":8,"column":51},"end":{"line":8,"column":61}},{"start":{"line":8,"column":65},"end":{"line":8,"column":67}}],"line":8},"5":{"loc":{"start":{"line":11,"column":22},"end":{"line":13,"column":1}},"type":"binary-expr","locations":[{"start":{"line":11,"column":23},"end":{"line":11,"column":27}},{"start":{"line":11,"column":31},"end":{"line":11,"column":51}},{"start":{"line":11,"column":56},"end":{"line":13,"column":1}}],"line":11},"6":{"loc":{"start":{"line":12,"column":11},"end":{"line":12,"column":61}},"type":"cond-expr","locations":[{"start":{"line":12,"column":37},"end":{"line":12,"column":40}},{"start":{"line":12,"column":43},"end":{"line":12,"column":61}}],"line":12},"7":{"loc":{"start":{"line":12,"column":12},"end":{"line":12,"column":33}},"type":"binary-expr","locations":[{"start":{"line":12,"column":12},"end":{"line":12,"column":15}},{"start":{"line":12,"column":19},"end":{"line":12,"column":33}}],"line":12},"8":{"loc":{"start":{"line":27,"column":8},"end":{"line":30,"column":9}},"type":"if","locations":[{"start":{"line":27,"column":8},"end":{"line":30,"column":9}},{"start":{"line":27,"column":8},"end":{"line":30,"column":9}}],"line":27},"9":{"loc":{"start":{"line":43,"column":16},"end":{"line":62,"column":17}},"type":"if","locations":[{"start":{"line":43,"column":16},"end":{"line":62,"column":17}},{"start":{"line":43,"column":16},"end":{"line":62,"column":17}}],"line":43},"10":{"loc":{"start":{"line":44,"column":20},"end":{"line":61,"column":21}},"type":"if","locations":[{"start":{"line":44,"column":20},"end":{"line":61,"column":21}},{"start":{"line":44,"column":20},"end":{"line":61,"column":21}}],"line":44},"11":{"loc":{"start":{"line":63,"column":16},"end":{"line":67,"column":17}},"type":"if","locations":[{"start":{"line":63,"column":16},"end":{"line":67,"column":17}},{"start":{"line":63,"column":16},"end":{"line":67,"column":17}}],"line":63}},"s":{"0":1,"1":0,"2":0,"3":0,"4":0,"5":0,"6":0,"7":0,"8":0,"9":0,"10":0,"11":0,"12":1,"13":5,"14":1,"15":1,"16":1,"17":1,"18":1,"19":1,"20":1,"21":1,"22":1,"23":1,"24":0,"25":0,"26":0,"27":0,"28":0,"29":0,"30":0,"31":0,"32":1,"33":1,"34":0,"35":0,"36":0,"37":0,"38":0,"39":0,"40":0,"41":0,"42":0,"43":0,"44":0,"45":0,"46":0,"47":0,"48":0,"49":0,"50":0,"51":0,"52":1},"f":{"0":0,"1":0,"2":0,"3":0,"4":0,"5":0,"6":0,"7":5,"8":0,"9":0,"10":0,"11":0,"12":0,"13":0},"b":{"0":[1,1,1],"1":[0,0],"2":[0,0],"3":[0,0],"4":[0,0],"5":[1,1,1],"6":[3,2],"7":[5,5],"8":[0,0],"9":[0,0],"10":[0,0],"11":[0,0]},"inputSourceMap":{"version":3,"file":"/Users/philiplewis/Documents/Projects/XenElectronic/server/src/infosec/cookies/authentication/cookieAuthentication.ts","sources":["/Users/philiplewis/Documents/Projects/XenElectronic/server/src/infosec/cookies/authentication/cookieAuthentication.ts"],"names":[],"mappings":";;;;;;;;;;;;;;;AACA,gDAAwB;AACxB,MAAM,UAAU,GAAG,cAAI,CAAC,QAAQ,CAAC,UAAU,CAAC,CAAC;AAE7C,gEAA+B;AAI/B,kFAA0D;AAC1D,2GAA2E;AAC3E,8EAAiF;AAEjF,8FAA+D;AAE/D,MAAM,2BAA2B,GAAG,IAAA,sBAAY,EAC9C,CAAO,GAAY,EAAE,GAAa,EAAE,IAAkB,EAAE,EAAE;IACxD,IAAI;QACF,MAAM,aAAa,GAAG,MAAM,GAAG,CAAC,aAAa,CAAC,wBAAwB,CAAC,CAAC;QAExE,MAAM,EAAE,KAAK,EAAE,GAAG,sBAAG,CAAC,MAAM,CAC1B,aAAa,EACb,OAAO,CAAC,GAAG,CAAC,cAAwB,CAC9B,CAAC;QAET,IAAI,KAAK,EAAE;YACT,GAAG,CAAC,MAAM,CAAC,+BAA+B,GAAG,MAAM,KAAK,CAAC;YACzD,OAAO,IAAI,EAAE,CAAC;SACf;KACF;IAAC,OAAO,KAAU,EAAE;QACnB,MAAM,IAAI,8BAAY,CAAC,+CAAyB,CAAC,CAAC;KACnD;AACH,CAAC,CAAA,CACgB,CAAC;AA2DX,kEAA2B;AAzDpC,MAAM,0BAA0B,GAAG,IAAA,sBAAY,EAC7C,CAAO,GAAY,EAAE,GAAa,EAAE,IAAkB,EAAE,EAAE;IACxD,IAAI;QACF,MAAM,EAAE,+BAA+B,EAAE,GAAG,GAAG,CAAC,MAAM,CAAC;QACvD,MAAM,YAAY,GAAG,MAAM,GAAG,CAAC,aAAa,CAAC,uBAAuB,CAAC,CAAC;QAEtE,sBAAG,CAAC,MAAM,CACR,YAAY,EACZ,OAAO,CAAC,GAAG,CAAC,cAAwB,EACpC,UAAgB,GAAQ,EAAE,OAAY;;gBACpC,IAAI,GAAG,EAAE;oBACP,IAAI,GAAG,CAAC,IAAI,IAAI,mBAAmB,EAAE;wBACnC,MAAM,cAAc,GAAG,sBAAG,CAAC,IAAI,CAC7B,EAAE,KAAK,EAAE,+BAA+B,EAAE,EAC1C,OAAO,CAAC,GAAG,CAAC,cAAwB,EACpC;4BACE,MAAM,EAAE,+BAA+B;4BACvC,OAAO,EAAE,+BAA+B;4BACxC,QAAQ,EAAE,GAAG;4BACb,SAAS,EAAE,KAAK;4BAChB,SAAS,EAAE,OAAO;yBACnB,CACF,CAAC;wBAEF,MAAM,WAAW,GAAG,CAAC,MAAM,yBAAQ,CAAC,gBAAgB,CAClD;4BACE,GAAG,EAAE,+BAA+B;yBACrC,EACD,EAAE,YAAY,EAAE,CAAC,cAAc,CAAC,EAAE,CACnC,CAAQ,CAAC;wBAEV,GAAG,CAAC,MAAM,CAAC,8BAA8B;4BACvC,WAAW,CAAC,GAAG,CAAC,QAAQ,EAAE,CAAC;wBAE7B,OAAO,IAAI,EAAE,CAAC;qBACf;yBAAM;wBACL,MAAM,IAAI,KAAK,EAAE,CAAC;qBACnB;iBACF;gBAED,IAAI,OAAO,EAAE;oBACX,GAAG,CAAC,MAAM,CAAC,8BAA8B;wBACvC,MAAM,+BAA+B,CAAC;oBACxC,OAAO,IAAI,EAAE,CAAC;iBACf;gBAED,MAAM,IAAI,KAAK,EAAE,CAAC;YACpB,CAAC;SAAA,CACK,CAAC;KACV;IAAC,OAAO,KAAU,EAAE;QACnB,MAAM,IAAI,8BAAY,CAAC,+CAAyB,CAAC,CAAC;KACnD;AACH,CAAC,CAAA,CACgB,CAAC;AAIkB,gEAA0B","sourcesContent":["import fs from 'fs';\nimport path from 'path';\nconst scriptName = path.basename(__filename);\n\nimport jwt from 'jsonwebtoken';\n\nimport { Request, Response, RequestHandler, NextFunction } from 'express';\n\nimport asyncHandler from '../../../handlers/asyncHandler';\nimport ErrorHandler from '../../../middleware/custom/modifiedErrorHandler';\nimport { cookieAuthenticationError } from '../../../helpers/cookieErrorResponse';\n\nimport UserAuth from '../../../database/model/userAuthDbModel';\n\nconst refreshCookieAuthentication = asyncHandler(\n  async (req: Request, res: Response, next: NextFunction) => {\n    try {\n      const refreshCookie = await req.signedCookies['authentication-refresh'];\n\n      const { token } = jwt.verify(\n        refreshCookie,\n        process.env.AUTH_TOKEN_KEY as string\n      ) as any;\n\n      if (token) {\n        res.locals.refreshTokenAuthenticatedUserId = await token;\n        return next();\n      }\n    } catch (error: any) {\n      throw new ErrorHandler(cookieAuthenticationError);\n    }\n  }\n) as RequestHandler;\n\nconst accessCookieAuthentication = asyncHandler(\n  async (req: Request, res: Response, next: NextFunction) => {\n    try {\n      const { refreshTokenAuthenticatedUserId } = res.locals;\n      const accessCookie = await req.signedCookies['authentication-access'];\n\n      jwt.verify(\n        accessCookie,\n        process.env.AUTH_TOKEN_KEY as string,\n        async function (err: any, decoded: any) {\n          if (err) {\n            if (err.name == 'TokenExpiredError') {\n              const newAccessToken = jwt.sign(\n                { token: refreshTokenAuthenticatedUserId },\n                process.env.AUTH_TOKEN_KEY as string,\n                {\n                  issuer: refreshTokenAuthenticatedUserId,\n                  subject: refreshTokenAuthenticatedUserId,\n                  audience: '/',\n                  expiresIn: '24h',\n                  algorithm: 'HS256',\n                }\n              );\n\n              const updatedUser = (await UserAuth.findOneAndUpdate(\n                {\n                  _id: refreshTokenAuthenticatedUserId,\n                },\n                { accessTokens: [newAccessToken] }\n              )) as any;\n\n              res.locals.accessTokenAuthenticatedUserId =\n                updatedUser._id.toString();\n\n              return next();\n            } else {\n              throw new Error();\n            }\n          }\n\n          if (decoded) {\n            res.locals.accessTokenAuthenticatedUserId =\n              await refreshTokenAuthenticatedUserId;\n            return next();\n          }\n\n          throw new Error();\n        }\n      ) as any;\n    } catch (error: any) {\n      throw new ErrorHandler(cookieAuthenticationError);\n    }\n  }\n) as RequestHandler;\n\n//  Access Token - if refresh token is ok then renew access token\n\nexport { refreshCookieAuthentication, accessCookieAuthentication };\n"]},"_coverageSchema":"1a1c01bbd47fc00a2c39e90264f33305004495a9","hash":"613a8ebd2169ced5cc3472e88087fd1c459603e7"},"/Users/philiplewis/Documents/Projects/XenElectronic/server/src/handlers/asyncHandler.ts":{"path":"/Users/philiplewis/Documents/Projects/XenElectronic/server/src/handlers/asyncHandler.ts","statementMap":{"0":{"start":{"line":2,"column":0},"end":{"line":2,"column":62}},"1":{"start":{"line":3,"column":21},"end":{"line":5,"column":1}},"2":{"start":{"line":3,"column":29},"end":{"line":5,"column":1}},"3":{"start":{"line":4,"column":4},"end":{"line":4,"column":52}},"4":{"start":{"line":6,"column":0},"end":{"line":6,"column":31}}},"fnMap":{"0":{"name":"(anonymous_0)","decl":{"start":{"line":3,"column":21},"end":{"line":3,"column":22}},"loc":{"start":{"line":3,"column":29},"end":{"line":5,"column":1}},"line":3},"1":{"name":"(anonymous_1)","decl":{"start":{"line":3,"column":29},"end":{"line":3,"column":30}},"loc":{"start":{"line":3,"column":49},"end":{"line":5,"column":1}},"line":3}},"branchMap":{},"s":{"0":1,"1":1,"2":26,"3":0,"4":1},"f":{"0":26,"1":0},"b":{},"inputSourceMap":{"version":3,"file":"/Users/philiplewis/Documents/Projects/XenElectronic/server/src/handlers/asyncHandler.ts","sources":["/Users/philiplewis/Documents/Projects/XenElectronic/server/src/handlers/asyncHandler.ts"],"names":[],"mappings":";;AAAA,MAAM,YAAY,GAAG,CAAC,EAA4C,EAAE,EAAE,CAAC,CAAC,GAAQ,EAAE,GAAQ,EAAE,IAA8D,EAAE,EAAE;IAC1J,OAAO,CAAC,OAAO,CAAC,EAAE,CAAC,GAAG,EAAE,GAAG,EAAE,IAAI,CAAC,CAAC,CAAC,KAAK,CAAC,IAAI,CAAC,CAAC;AAClD,CAAC,CAAC;AAEF,kBAAe,YAAY,CAAC","sourcesContent":["const asyncHandler = (fn: (arg0: any, arg1: any, arg2: any) => any) => (req: any, res: any, next: ((reason: any) => PromiseLike<never>) | null | undefined) => {\n    Promise.resolve(fn(req, res, next)).catch(next);\n  };\n  \n  export default asyncHandler;\n  "]},"_coverageSchema":"1a1c01bbd47fc00a2c39e90264f33305004495a9","hash":"1b67b56ad9db1fd4f489b80a12f9ef661c506130"},"/Users/philiplewis/Documents/Projects/XenElectronic/server/src/middleware/custom/modifiedErrorHandler.ts":{"path":"/Users/philiplewis/Documents/Projects/XenElectronic/server/src/middleware/custom/modifiedErrorHandler.ts","statementMap":{"0":{"start":{"line":2,"column":0},"end":{"line":2,"column":62}},"1":{"start":{"line":5,"column":8},"end":{"line":5,"column":16}},"2":{"start":{"line":6,"column":8},"end":{"line":6,"column":33}},"3":{"start":{"line":9,"column":0},"end":{"line":9,"column":39}}},"fnMap":{"0":{"name":"(anonymous_0)","decl":{"start":{"line":4,"column":4},"end":{"line":4,"column":5}},"loc":{"start":{"line":4,"column":29},"end":{"line":7,"column":5}},"line":4}},"branchMap":{},"s":{"0":1,"1":0,"2":0,"3":1},"f":{"0":0},"b":{},"inputSourceMap":{"version":3,"file":"/Users/philiplewis/Documents/Projects/XenElectronic/server/src/middleware/custom/modifiedErrorHandler.ts","sources":["/Users/philiplewis/Documents/Projects/XenElectronic/server/src/middleware/custom/modifiedErrorHandler.ts"],"names":[],"mappings":";;AAAA,MAAM,oBAAqB,SAAQ,KAAK;IAItC,YAAY,WAA2B;QACrC,KAAK,EAAE,CAAC;QACR,IAAI,CAAC,KAAK,GAAG,WAAW,CAAC;IAC3B,CAAC;CAGF;AAED,kBAAe,oBAAoB,CAAC","sourcesContent":["class modifiedErrorHandler extends Error {\n  error: any;\n  code: any;\n  message: any;\n  constructor(errorObject: { error: any }) {\n    super();\n    this.error = errorObject;\n  }\n\n\n}\n\nexport default modifiedErrorHandler;\n"]},"_coverageSchema":"1a1c01bbd47fc00a2c39e90264f33305004495a9","hash":"029969fca4c91bfd19a3b782d89aaeb93bc665cf"},"/Users/philiplewis/Documents/Projects/XenElectronic/server/src/helpers/cookieErrorResponse.ts":{"path":"/Users/philiplewis/Documents/Projects/XenElectronic/server/src/helpers/cookieErrorResponse.ts","statementMap":{"0":{"start":{"line":2,"column":0},"end":{"line":2,"column":62}},"1":{"start":{"line":3,"column":0},"end":{"line":3,"column":43}},"2":{"start":{"line":4,"column":32},"end":{"line":4,"column":66}},"3":{"start":{"line":5,"column":17},"end":{"line":5,"column":37}},"4":{"start":{"line":6,"column":0},"end":{"line":10,"column":72}}},"fnMap":{},"branchMap":{"0":{"loc":{"start":{"line":6,"column":36},"end":{"line":10,"column":71}},"type":"cond-expr","locations":[{"start":{"line":7,"column":6},"end":{"line":9,"column":5}},{"start":{"line":10,"column":6},"end":{"line":10,"column":71}}],"line":6}},"s":{"0":1,"1":1,"2":1,"3":1,"4":1},"f":{},"b":{"0":[1,0]},"inputSourceMap":{"version":3,"file":"/Users/philiplewis/Documents/Projects/XenElectronic/server/src/helpers/cookieErrorResponse.ts","sources":["/Users/philiplewis/Documents/Projects/XenElectronic/server/src/helpers/cookieErrorResponse.ts"],"names":[],"mappings":";;;AAAA,mEAA0E;AAC1E,sCAAmC;AAEtB,QAAA,yBAAyB,GACpC,eAAM,CAAC,WAAW,KAAK,aAAa;IAClC,CAAC,CAAC;QACE,KAAK,EAAE,EAAE,IAAI,EAAE,GAAG,EAAE,OAAO,EAAE,qBAAqB,EAAE;KACrD;IACH,CAAC,CAAC,IAAA,uDAA+B,EAAC,GAAG,CAAC,CAAC","sourcesContent":["import { standardProductionErrorResponse } from \"./standardErrorResponse\";\nimport { config } from \"../config\";\n\nexport const cookieAuthenticationError =\n  config.environment === \"development\"\n    ? {\n        error: { code: 401, message: \"Unauthorized Access\" },\n      }\n    : standardProductionErrorResponse(401);\n"]},"_coverageSchema":"1a1c01bbd47fc00a2c39e90264f33305004495a9","hash":"b15f2a2f75b2cbededcfc1a8df52105cc3e596cf"},"/Users/philiplewis/Documents/Projects/XenElectronic/server/src/helpers/standardErrorResponse.ts":{"path":"/Users/philiplewis/Documents/Projects/XenElectronic/server/src/helpers/standardErrorResponse.ts","statementMap":{"0":{"start":{"line":5,"column":0},"end":{"line":5,"column":62}},"1":{"start":{"line":6,"column":0},"end":{"line":6,"column":49}},"2":{"start":{"line":7,"column":40},"end":{"line":11,"column":1}},"3":{"start":{"line":8,"column":4},"end":{"line":10,"column":6}},"4":{"start":{"line":12,"column":0},"end":{"line":12,"column":74}}},"fnMap":{"0":{"name":"(anonymous_0)","decl":{"start":{"line":7,"column":40},"end":{"line":7,"column":41}},"loc":{"start":{"line":7,"column":50},"end":{"line":11,"column":1}},"line":7}},"branchMap":{},"s":{"0":1,"1":1,"2":1,"3":0,"4":1},"f":{"0":0},"b":{},"inputSourceMap":{"version":3,"file":"/Users/philiplewis/Documents/Projects/XenElectronic/server/src/helpers/standardErrorResponse.ts","sources":["/Users/philiplewis/Documents/Projects/XenElectronic/server/src/helpers/standardErrorResponse.ts"],"names":[],"mappings":";AAAA,mDAAmD;AACnD,4DAA4D;AAC5D,KAAK;;;AAEE,MAAM,+BAA+B,GAAG,CAAC,IAAY,EAAE,EAAE;IAC5D,OAAO;QACL,KAAK,EAAE,EAAE,IAAI,EAAE,IAAI,EAAE,OAAO,EAAE,uBAAuB,EAAE;KACxD,CAAC;AACJ,CAAC,CAAC;AAJS,QAAA,+BAA+B,mCAIxC","sourcesContent":["// export const standardProductionErrorResponse = {\n//   error: { code: 500, message: \"Internal Server Error\" },\n// };\n\nexport const standardProductionErrorResponse = (code: number) => {\n    return {\n      error: { code: code, message: \"Internal Server Error\" },\n    };\n  };\n  "]},"_coverageSchema":"1a1c01bbd47fc00a2c39e90264f33305004495a9","hash":"d298ad11e7e9d2c23464b05cd78144b1253f0690"},"/Users/philiplewis/Documents/Projects/XenElectronic/server/src/config.ts":{"path":"/Users/philiplewis/Documents/Projects/XenElectronic/server/src/config.ts","statementMap":{"0":{"start":{"line":2,"column":0},"end":{"line":2,"column":62}},"1":{"start":{"line":3,"column":0},"end":{"line":3,"column":24}},"2":{"start":{"line":4,"column":0},"end":{"line":4,"column":27}},"3":{"start":{"line":5,"column":0},"end":{"line":10,"column":2}}},"fnMap":{},"branchMap":{"0":{"loc":{"start":{"line":8,"column":10},"end":{"line":8,"column":34}},"type":"binary-expr","locations":[{"start":{"line":8,"column":10},"end":{"line":8,"column":26}},{"start":{"line":8,"column":30},"end":{"line":8,"column":34}}],"line":8}},"s":{"0":1,"1":1,"2":1,"3":1},"f":{},"b":{"0":[1,0]},"inputSourceMap":{"version":3,"file":"/Users/philiplewis/Documents/Projects/XenElectronic/server/src/config.ts","sources":["/Users/philiplewis/Documents/Projects/XenElectronic/server/src/config.ts"],"names":[],"mappings":";;;AAAA,OAAO,CAAC,QAAQ,CAAC,CAAC,MAAM,EAAE,CAAC;AAEd,QAAA,MAAM,GAAG;IACpB,WAAW,EAAE,aAAa;IAC1B,GAAG,EAAE,uBAAuB;IAC5B,IAAI,EAAE,OAAO,CAAC,GAAG,CAAC,IAAI,IAAI,IAAI;IAC9B,YAAY,EAAE,OAAO,CAAC,GAAG,CAAC,aAAa;CACxC,CAAC","sourcesContent":["require('dotenv').config();\n\nexport const config = {\n  environment: 'development',\n  URL: '/xenelectronic/api_v1',\n  port: process.env.PORT || 4000,\n  frontendPort: process.env.FRONTEND_PORT,\n};\n"]},"_coverageSchema":"1a1c01bbd47fc00a2c39e90264f33305004495a9","hash":"16eb19d5905ded26329043ea6b81de7e38483dde"},"/Users/philiplewis/Documents/Projects/XenElectronic/server/src/database/model/userAuthDbModel.ts":{"path":"/Users/philiplewis/Documents/Projects/XenElectronic/server/src/database/model/userAuthDbModel.ts","statementMap":{"0":{"start":{"line":2,"column":22},"end":{"line":4,"column":1}},"1":{"start":{"line":3,"column":4},"end":{"line":3,"column":62}},"2":{"start":{"line":5,"column":0},"end":{"line":5,"column":62}},"3":{"start":{"line":6,"column":19},"end":{"line":6,"column":55}},"4":{"start":{"line":7,"column":25},"end":{"line":7,"column":77}},"5":{"start":{"line":8,"column":17},"end":{"line":8,"column":75}},"6":{"start":{"line":9,"column":0},"end":{"line":9,"column":27}}},"fnMap":{"0":{"name":"(anonymous_0)","decl":{"start":{"line":2,"column":56},"end":{"line":2,"column":57}},"loc":{"start":{"line":2,"column":71},"end":{"line":4,"column":1}},"line":2}},"branchMap":{"0":{"loc":{"start":{"line":2,"column":22},"end":{"line":4,"column":1}},"type":"binary-expr","locations":[{"start":{"line":2,"column":23},"end":{"line":2,"column":27}},{"start":{"line":2,"column":31},"end":{"line":2,"column":51}},{"start":{"line":2,"column":56},"end":{"line":4,"column":1}}],"line":2},"1":{"loc":{"start":{"line":3,"column":11},"end":{"line":3,"column":61}},"type":"cond-expr","locations":[{"start":{"line":3,"column":37},"end":{"line":3,"column":40}},{"start":{"line":3,"column":43},"end":{"line":3,"column":61}}],"line":3},"2":{"loc":{"start":{"line":3,"column":12},"end":{"line":3,"column":33}},"type":"binary-expr","locations":[{"start":{"line":3,"column":12},"end":{"line":3,"column":15}},{"start":{"line":3,"column":19},"end":{"line":3,"column":33}}],"line":3}},"s":{"0":1,"1":2,"2":1,"3":1,"4":1,"5":1,"6":1},"f":{"0":2},"b":{"0":[1,1,1],"1":[1,1],"2":[2,2]},"inputSourceMap":{"version":3,"file":"/Users/philiplewis/Documents/Projects/XenElectronic/server/src/database/model/userAuthDbModel.ts","sources":["/Users/philiplewis/Documents/Projects/XenElectronic/server/src/database/model/userAuthDbModel.ts"],"names":[],"mappings":";;;;;AAAA,wDAAgC;AAEhC,8EAAsD;AAEtD,MAAM,QAAQ,GAAG,kBAAQ,CAAC,KAAK,CAAC,MAAM,EAAE,wBAAc,CAAC,CAAC;AAExD,kBAAe,QAAQ,CAAC","sourcesContent":["import mongoose from 'mongoose';\n\nimport userAuthSchema from '../schema/userAuthSchema';\n\nconst UserAuth = mongoose.model('auth', userAuthSchema);\n\nexport default UserAuth;\n"]},"_coverageSchema":"1a1c01bbd47fc00a2c39e90264f33305004495a9","hash":"f5ee93ae5551011c8f006e72b88df0383e9ddbcf"},"/Users/philiplewis/Documents/Projects/XenElectronic/server/src/database/schema/userAuthSchema.ts":{"path":"/Users/philiplewis/Documents/Projects/XenElectronic/server/src/database/schema/userAuthSchema.ts","statementMap":{"0":{"start":{"line":2,"column":16},"end":{"line":10,"column":1}},"1":{"start":{"line":3,"column":28},"end":{"line":3,"column":110}},"2":{"start":{"line":3,"column":91},"end":{"line":3,"column":106}},"3":{"start":{"line":4,"column":4},"end":{"line":9,"column":7}},"4":{"start":{"line":5,"column":36},"end":{"line":5,"column":97}},"5":{"start":{"line":5,"column":42},"end":{"line":5,"column":70}},"6":{"start":{"line":5,"column":85},"end":{"line":5,"column":95}},"7":{"start":{"line":6,"column":35},"end":{"line":6,"column":100}},"8":{"start":{"line":6,"column":41},"end":{"line":6,"column":73}},"9":{"start":{"line":6,"column":88},"end":{"line":6,"column":98}},"10":{"start":{"line":7,"column":32},"end":{"line":7,"column":116}},"11":{"start":{"line":8,"column":8},"end":{"line":8,"column":78}},"12":{"start":{"line":11,"column":22},"end":{"line":13,"column":1}},"13":{"start":{"line":12,"column":4},"end":{"line":12,"column":62}},"14":{"start":{"line":14,"column":0},"end":{"line":14,"column":62}},"15":{"start":{"line":15,"column":19},"end":{"line":15,"column":55}},"16":{"start":{"line":16,"column":19},"end":{"line":16,"column":37}},"17":{"start":{"line":17,"column":19},"end":{"line":17,"column":55}},"18":{"start":{"line":18,"column":26},"end":{"line":18,"column":64}},"19":{"start":{"line":19,"column":23},"end":{"line":57,"column":25}},"20":{"start":{"line":58,"column":0},"end":{"line":73,"column":3}},"21":{"start":{"line":59,"column":4},"end":{"line":72,"column":7}},"22":{"start":{"line":60,"column":8},"end":{"line":71,"column":9}},"23":{"start":{"line":61,"column":12},"end":{"line":63,"column":13}},"24":{"start":{"line":62,"column":16},"end":{"line":62,"column":30}},"25":{"start":{"line":64,"column":12},"end":{"line":64,"column":77}},"26":{"start":{"line":65,"column":12},"end":{"line":65,"column":101}},"27":{"start":{"line":66,"column":12},"end":{"line":66,"column":26}},"28":{"start":{"line":69,"column":12},"end":{"line":69,"column":31}},"29":{"start":{"line":70,"column":12},"end":{"line":70,"column":51}},"30":{"start":{"line":74,"column":0},"end":{"line":74,"column":33}}},"fnMap":{"0":{"name":"(anonymous_0)","decl":{"start":{"line":2,"column":44},"end":{"line":2,"column":45}},"loc":{"start":{"line":2,"column":89},"end":{"line":10,"column":1}},"line":2},"1":{"name":"adopt","decl":{"start":{"line":3,"column":13},"end":{"line":3,"column":18}},"loc":{"start":{"line":3,"column":26},"end":{"line":3,"column":112}},"line":3},"2":{"name":"(anonymous_2)","decl":{"start":{"line":3,"column":70},"end":{"line":3,"column":71}},"loc":{"start":{"line":3,"column":89},"end":{"line":3,"column":108}},"line":3},"3":{"name":"(anonymous_3)","decl":{"start":{"line":4,"column":36},"end":{"line":4,"column":37}},"loc":{"start":{"line":4,"column":63},"end":{"line":9,"column":5}},"line":4},"4":{"name":"fulfilled","decl":{"start":{"line":5,"column":17},"end":{"line":5,"column":26}},"loc":{"start":{"line":5,"column":34},"end":{"line":5,"column":99}},"line":5},"5":{"name":"rejected","decl":{"start":{"line":6,"column":17},"end":{"line":6,"column":25}},"loc":{"start":{"line":6,"column":33},"end":{"line":6,"column":102}},"line":6},"6":{"name":"step","decl":{"start":{"line":7,"column":17},"end":{"line":7,"column":21}},"loc":{"start":{"line":7,"column":30},"end":{"line":7,"column":118}},"line":7},"7":{"name":"(anonymous_7)","decl":{"start":{"line":11,"column":56},"end":{"line":11,"column":57}},"loc":{"start":{"line":11,"column":71},"end":{"line":13,"column":1}},"line":11},"8":{"name":"(anonymous_8)","decl":{"start":{"line":58,"column":27},"end":{"line":58,"column":28}},"loc":{"start":{"line":58,"column":43},"end":{"line":73,"column":1}},"line":58},"9":{"name":"(anonymous_9)","decl":{"start":{"line":59,"column":43},"end":{"line":59,"column":44}},"loc":{"start":{"line":59,"column":56},"end":{"line":72,"column":5}},"line":59}},"branchMap":{"0":{"loc":{"start":{"line":2,"column":16},"end":{"line":10,"column":1}},"type":"binary-expr","locations":[{"start":{"line":2,"column":17},"end":{"line":2,"column":21}},{"start":{"line":2,"column":25},"end":{"line":2,"column":39}},{"start":{"line":2,"column":44},"end":{"line":10,"column":1}}],"line":2},"1":{"loc":{"start":{"line":3,"column":35},"end":{"line":3,"column":109}},"type":"cond-expr","locations":[{"start":{"line":3,"column":56},"end":{"line":3,"column":61}},{"start":{"line":3,"column":64},"end":{"line":3,"column":109}}],"line":3},"2":{"loc":{"start":{"line":4,"column":16},"end":{"line":4,"column":34}},"type":"binary-expr","locations":[{"start":{"line":4,"column":16},"end":{"line":4,"column":17}},{"start":{"line":4,"column":22},"end":{"line":4,"column":33}}],"line":4},"3":{"loc":{"start":{"line":7,"column":32},"end":{"line":7,"column":115}},"type":"cond-expr","locations":[{"start":{"line":7,"column":46},"end":{"line":7,"column":67}},{"start":{"line":7,"column":70},"end":{"line":7,"column":115}}],"line":7},"4":{"loc":{"start":{"line":8,"column":51},"end":{"line":8,"column":67}},"type":"binary-expr","locations":[{"start":{"line":8,"column":51},"end":{"line":8,"column":61}},{"start":{"line":8,"column":65},"end":{"line":8,"column":67}}],"line":8},"5":{"loc":{"start":{"line":11,"column":22},"end":{"line":13,"column":1}},"type":"binary-expr","locations":[{"start":{"line":11,"column":23},"end":{"line":11,"column":27}},{"start":{"line":11,"column":31},"end":{"line":11,"column":51}},{"start":{"line":11,"column":56},"end":{"line":13,"column":1}}],"line":11},"6":{"loc":{"start":{"line":12,"column":11},"end":{"line":12,"column":61}},"type":"cond-expr","locations":[{"start":{"line":12,"column":37},"end":{"line":12,"column":40}},{"start":{"line":12,"column":43},"end":{"line":12,"column":61}}],"line":12},"7":{"loc":{"start":{"line":12,"column":12},"end":{"line":12,"column":33}},"type":"binary-expr","locations":[{"start":{"line":12,"column":12},"end":{"line":12,"column":15}},{"start":{"line":12,"column":19},"end":{"line":12,"column":33}}],"line":12},"8":{"loc":{"start":{"line":61,"column":12},"end":{"line":63,"column":13}},"type":"if","locations":[{"start":{"line":61,"column":12},"end":{"line":63,"column":13}},{"start":{"line":61,"column":12},"end":{"line":63,"column":13}}],"line":61}},"s":{"0":1,"1":0,"2":0,"3":0,"4":0,"5":0,"6":0,"7":0,"8":0,"9":0,"10":0,"11":0,"12":1,"13":2,"14":1,"15":1,"16":1,"17":1,"18":1,"19":1,"20":1,"21":0,"22":0,"23":0,"24":0,"25":0,"26":0,"27":0,"28":0,"29":0,"30":1},"f":{"0":0,"1":0,"2":0,"3":0,"4":0,"5":0,"6":0,"7":2,"8":0,"9":0},"b":{"0":[1,1,1],"1":[0,0],"2":[0,0],"3":[0,0],"4":[0,0],"5":[1,1,1],"6":[0,2],"7":[2,2],"8":[0,0]},"inputSourceMap":{"version":3,"file":"/Users/philiplewis/Documents/Projects/XenElectronic/server/src/database/schema/userAuthSchema.ts","sources":["/Users/philiplewis/Documents/Projects/XenElectronic/server/src/database/schema/userAuthSchema.ts"],"names":[],"mappings":";;;;;;;;;;;;;;AAAA,wDAAgC;AAChC,MAAM,EAAE,MAAM,EAAE,GAAG,kBAAQ,CAAC;AAG5B,wDAA8B;AAC9B,iEAAwE;AAExE,MAAM,cAAc,GAAG,IAAI,MAAM,CAC/B;IACE,KAAK,EAAE;QACL,IAAI,EAAE,MAAM;QACZ,QAAQ,EAAE,CAAC,IAAI,EAAE,mBAAmB,CAAC;QACrC,IAAI,EAAE,IAAI;QACV,MAAM,EAAE,IAAI;QACZ,GAAG,EAAE,GAAG;QACR,KAAK,EAAE,4BAAU;QACjB,MAAM,EAAE,IAAI;KACb;IACD,QAAQ,EAAE;QACR,IAAI,EAAE,MAAM;QACZ,QAAQ,EAAE,CAAC,IAAI,EAAE,sBAAsB,CAAC;QACxC,GAAG,EAAE,CAAC;QACN,GAAG,EAAE,EAAE;QACP,KAAK,EAAE,+BAAa;QACpB,MAAM,EAAE,KAAK;KACd;IACD,oBAAoB,EAAE;QACpB,IAAI,EAAE,MAAM;QACZ,QAAQ,EAAE,CAAC,IAAI,EAAE,sBAAsB,CAAC;QACxC,GAAG,EAAE,CAAC;QACN,GAAG,EAAE,EAAE;QACP,KAAK,EAAE,+BAAa;QACpB,MAAM,EAAE,KAAK;KACd;IACD,YAAY,EAAE;QACZ,IAAI,EAAE,MAAM;QACZ,MAAM,EAAE,KAAK;KACd;IACD,WAAW,EAAE;QACX,IAAI,EAAE,MAAM;QACZ,MAAM,EAAE,KAAK;KACd;IACD,SAAS,EAAE;QACT,IAAI,EAAE,EAAE;QACR,MAAM,EAAE,KAAK;KACd;CACF,EACD,EAAE,UAAU,EAAE,KAAK,EAAE,CACtB,CAAC;AAEF,cAAc,CAAC,GAAG,CAAC,MAAM,EAAE,UAAgB,IAAI;;QAC7C,IAAI;YACF,IAAI,CAAC,IAAI,CAAC,UAAU,CAAC,UAAU,CAAC,EAAE;gBAChC,OAAO,IAAI,EAAE,CAAC;aACf;YAED,IAAI,CAAC,QAAQ,GAAG,MAAM,kBAAM,CAAC,IAAI,CAAC,IAAI,CAAC,QAAQ,EAAE,EAAE,CAAC,CAAC;YACrD,IAAI,CAAC,oBAAoB,GAAG,MAAM,kBAAM,CAAC,IAAI,CAC3C,IAAI,CAAC,oBAAoB,EACzB,EAAE,CACH,CAAC;YAEF,OAAO,IAAI,EAAE,CAAC;SACf;QAAC,OAAO,KAAK,EAAE;YACd,OAAO,CAAC,GAAG,CAAC,KAAK,CAAC,CAAC;YACnB,OAAO,CAAC,GAAG,CAAC,yBAAyB,CAAC,CAAC;SACxC;IACH,CAAC;CAAA,CAAC,CAAC;AAEH,kBAAe,cAAc,CAAC","sourcesContent":["import mongoose from \"mongoose\";\nconst { Schema } = mongoose;\nimport { v4 as uuidV4 } from \"uuid\";\nimport jwt from \"jsonwebtoken\";\nimport bcrypt from \"bcryptjs\";\nimport { emailRegex, passwordRegex } from \"../../utils/regexValidators\";\n\nconst userAuthSchema = new Schema(\n  {\n    email: {\n      type: String,\n      required: [true, \"email is required\"],\n      trim: true,\n      unique: true,\n      max: 256,\n      match: emailRegex,\n      select: true,\n    },\n    password: {\n      type: String,\n      required: [true, \"password is required\"],\n      min: 6,\n      max: 32,\n      match: passwordRegex,\n      select: false,\n    },\n    passwordConfirmation: {\n      type: String,\n      required: [true, \"password is required\"],\n      min: 6,\n      max: 32,\n      match: passwordRegex,\n      select: false,\n    },\n    refreshToken: {\n      type: String,\n      select: false,\n    },\n    accessToken: {\n      type: String,\n      select: false,\n    },\n    userAgent: {\n      type: [],\n      select: false,\n    },\n  },\n  { versionKey: false }\n);\n\nuserAuthSchema.pre(\"save\", async function (next) {\n  try {\n    if (!this.isModified(\"password\")) {\n      return next();\n    }\n\n    this.password = await bcrypt.hash(this.password, 10);\n    this.passwordConfirmation = await bcrypt.hash(\n      this.passwordConfirmation,\n      10\n    );\n\n    return next();\n  } catch (error) {\n    console.log(error);\n    console.log(\"error from auth user db\");\n  }\n});\n\nexport default userAuthSchema;\n"]},"_coverageSchema":"1a1c01bbd47fc00a2c39e90264f33305004495a9","hash":"5c59d2feff7ae67351c2f7b6f1b595360b212b7e"},"/Users/philiplewis/Documents/Projects/XenElectronic/server/src/utils/regexValidators.ts":{"path":"/Users/philiplewis/Documents/Projects/XenElectronic/server/src/utils/regexValidators.ts","statementMap":{"0":{"start":{"line":2,"column":0},"end":{"line":2,"column":62}},"1":{"start":{"line":3,"column":0},"end":{"line":3,"column":74}},"2":{"start":{"line":4,"column":19},"end":{"line":4,"column":47}},"3":{"start":{"line":5,"column":0},"end":{"line":5,"column":32}},"4":{"start":{"line":6,"column":22},"end":{"line":6,"column":77}},"5":{"start":{"line":7,"column":0},"end":{"line":7,"column":38}},"6":{"start":{"line":8,"column":20},"end":{"line":8,"column":106}},"7":{"start":{"line":9,"column":0},"end":{"line":9,"column":34}}},"fnMap":{},"branchMap":{},"s":{"0":1,"1":1,"2":1,"3":1,"4":1,"5":1,"6":1,"7":1},"f":{},"b":{},"inputSourceMap":{"version":3,"file":"/Users/philiplewis/Documents/Projects/XenElectronic/server/src/utils/regexValidators.ts","sources":["/Users/philiplewis/Documents/Projects/XenElectronic/server/src/utils/regexValidators.ts"],"names":[],"mappings":";;;AAAA,MAAM,UAAU,GAAG,4BAA4B,CAAC;AAQvC,gCAAU;AANnB,MAAM,aAAa,GAAG,uDAAuD,CAAC;AAMzD,sCAAa;AAJlC,MAAM,WAAW,GAAG,IAAI,MAAM,CAC5B,0EAA0E,CAC3E,CAAC;AAEkC,kCAAW","sourcesContent":["const emailRegex = /^[^\\s@]+@[^\\s@]+\\.[^\\s@]+$/;\n\nconst passwordRegex = /(?=.*[0-9])(?=.*[!@#$%^&*])[a-zA-Z0-9!@#$%^&*]{6,16}$/;\n\nconst uuidV4Regex = new RegExp(\n  /^[0-9A-F]{8}-[0-9A-F]{4}-[4][0-9A-F]{3}-[89AB][0-9A-F]{3}-[0-9A-F]{12}$/i\n);\n\nexport { emailRegex, passwordRegex, uuidV4Regex };\n"]},"_coverageSchema":"1a1c01bbd47fc00a2c39e90264f33305004495a9","hash":"415092d86f818a32371777f1bfa8bd3807243294"},"/Users/philiplewis/Documents/Projects/XenElectronic/server/src/middleware/sanitization/userAuthSanitizer.ts":{"path":"/Users/philiplewis/Documents/Projects/XenElectronic/server/src/middleware/sanitization/userAuthSanitizer.ts","statementMap":{"0":{"start":{"line":2,"column":16},"end":{"line":10,"column":1}},"1":{"start":{"line":3,"column":28},"end":{"line":3,"column":110}},"2":{"start":{"line":3,"column":91},"end":{"line":3,"column":106}},"3":{"start":{"line":4,"column":4},"end":{"line":9,"column":7}},"4":{"start":{"line":5,"column":36},"end":{"line":5,"column":97}},"5":{"start":{"line":5,"column":42},"end":{"line":5,"column":70}},"6":{"start":{"line":5,"column":85},"end":{"line":5,"column":95}},"7":{"start":{"line":6,"column":35},"end":{"line":6,"column":100}},"8":{"start":{"line":6,"column":41},"end":{"line":6,"column":73}},"9":{"start":{"line":6,"column":88},"end":{"line":6,"column":98}},"10":{"start":{"line":7,"column":32},"end":{"line":7,"column":116}},"11":{"start":{"line":8,"column":8},"end":{"line":8,"column":78}},"12":{"start":{"line":11,"column":22},"end":{"line":13,"column":1}},"13":{"start":{"line":12,"column":4},"end":{"line":12,"column":62}},"14":{"start":{"line":14,"column":0},"end":{"line":14,"column":62}},"15":{"start":{"line":15,"column":0},"end":{"line":15,"column":181}},"16":{"start":{"line":16,"column":15},"end":{"line":16,"column":47}},"17":{"start":{"line":17,"column":19},"end":{"line":17,"column":54}},"18":{"start":{"line":18,"column":24},"end":{"line":18,"column":65}},"19":{"start":{"line":19,"column":23},"end":{"line":19,"column":78}},"20":{"start":{"line":20,"column":31},"end":{"line":20,"column":89}},"21":{"start":{"line":21,"column":32},"end":{"line":21,"column":78}},"22":{"start":{"line":22,"column":28},"end":{"line":27,"column":1}},"23":{"start":{"line":28,"column":32},"end":{"line":41,"column":3}},"24":{"start":{"line":28,"column":80},"end":{"line":41,"column":2}},"25":{"start":{"line":29,"column":4},"end":{"line":40,"column":5}},"26":{"start":{"line":30,"column":58},"end":{"line":30,"column":66}},"27":{"start":{"line":31,"column":8},"end":{"line":35,"column":10}},"28":{"start":{"line":36,"column":8},"end":{"line":36,"column":22}},"29":{"start":{"line":39,"column":8},"end":{"line":39,"column":100}},"30":{"start":{"line":42,"column":0},"end":{"line":42,"column":58}},"31":{"start":{"line":43,"column":31},"end":{"line":55,"column":3}},"32":{"start":{"line":43,"column":79},"end":{"line":55,"column":2}},"33":{"start":{"line":44,"column":4},"end":{"line":54,"column":5}},"34":{"start":{"line":45,"column":36},"end":{"line":45,"column":44}},"35":{"start":{"line":46,"column":8},"end":{"line":49,"column":10}},"36":{"start":{"line":50,"column":8},"end":{"line":50,"column":22}},"37":{"start":{"line":53,"column":8},"end":{"line":53,"column":100}},"38":{"start":{"line":56,"column":0},"end":{"line":56,"column":56}},"39":{"start":{"line":57,"column":33},"end":{"line":70,"column":3}},"40":{"start":{"line":57,"column":81},"end":{"line":70,"column":2}},"41":{"start":{"line":58,"column":4},"end":{"line":69,"column":5}},"42":{"start":{"line":59,"column":46},"end":{"line":59,"column":54}},"43":{"start":{"line":60,"column":8},"end":{"line":64,"column":10}},"44":{"start":{"line":65,"column":8},"end":{"line":65,"column":22}},"45":{"start":{"line":68,"column":8},"end":{"line":68,"column":100}},"46":{"start":{"line":71,"column":0},"end":{"line":71,"column":60}},"47":{"start":{"line":72,"column":36},"end":{"line":85,"column":3}},"48":{"start":{"line":72,"column":84},"end":{"line":85,"column":2}},"49":{"start":{"line":73,"column":4},"end":{"line":84,"column":5}},"50":{"start":{"line":74,"column":49},"end":{"line":74,"column":57}},"51":{"start":{"line":75,"column":8},"end":{"line":79,"column":10}},"52":{"start":{"line":80,"column":8},"end":{"line":80,"column":22}},"53":{"start":{"line":83,"column":8},"end":{"line":83,"column":100}},"54":{"start":{"line":86,"column":0},"end":{"line":86,"column":66}},"55":{"start":{"line":87,"column":32},"end":{"line":100,"column":3}},"56":{"start":{"line":87,"column":80},"end":{"line":100,"column":2}},"57":{"start":{"line":88,"column":4},"end":{"line":99,"column":5}},"58":{"start":{"line":89,"column":58},"end":{"line":89,"column":66}},"59":{"start":{"line":90,"column":8},"end":{"line":94,"column":10}},"60":{"start":{"line":95,"column":8},"end":{"line":95,"column":22}},"61":{"start":{"line":98,"column":8},"end":{"line":98,"column":100}},"62":{"start":{"line":101,"column":0},"end":{"line":101,"column":58}}},"fnMap":{"0":{"name":"(anonymous_0)","decl":{"start":{"line":2,"column":44},"end":{"line":2,"column":45}},"loc":{"start":{"line":2,"column":89},"end":{"line":10,"column":1}},"line":2},"1":{"name":"adopt","decl":{"start":{"line":3,"column":13},"end":{"line":3,"column":18}},"loc":{"start":{"line":3,"column":26},"end":{"line":3,"column":112}},"line":3},"2":{"name":"(anonymous_2)","decl":{"start":{"line":3,"column":70},"end":{"line":3,"column":71}},"loc":{"start":{"line":3,"column":89},"end":{"line":3,"column":108}},"line":3},"3":{"name":"(anonymous_3)","decl":{"start":{"line":4,"column":36},"end":{"line":4,"column":37}},"loc":{"start":{"line":4,"column":63},"end":{"line":9,"column":5}},"line":4},"4":{"name":"fulfilled","decl":{"start":{"line":5,"column":17},"end":{"line":5,"column":26}},"loc":{"start":{"line":5,"column":34},"end":{"line":5,"column":99}},"line":5},"5":{"name":"rejected","decl":{"start":{"line":6,"column":17},"end":{"line":6,"column":25}},"loc":{"start":{"line":6,"column":33},"end":{"line":6,"column":102}},"line":6},"6":{"name":"step","decl":{"start":{"line":7,"column":17},"end":{"line":7,"column":21}},"loc":{"start":{"line":7,"column":30},"end":{"line":7,"column":118}},"line":7},"7":{"name":"(anonymous_7)","decl":{"start":{"line":11,"column":56},"end":{"line":11,"column":57}},"loc":{"start":{"line":11,"column":71},"end":{"line":13,"column":1}},"line":11},"8":{"name":"(anonymous_8)","decl":{"start":{"line":28,"column":60},"end":{"line":28,"column":61}},"loc":{"start":{"line":28,"column":80},"end":{"line":41,"column":2}},"line":28},"9":{"name":"(anonymous_9)","decl":{"start":{"line":28,"column":114},"end":{"line":28,"column":115}},"loc":{"start":{"line":28,"column":127},"end":{"line":41,"column":1}},"line":28},"10":{"name":"(anonymous_10)","decl":{"start":{"line":43,"column":59},"end":{"line":43,"column":60}},"loc":{"start":{"line":43,"column":79},"end":{"line":55,"column":2}},"line":43},"11":{"name":"(anonymous_11)","decl":{"start":{"line":43,"column":113},"end":{"line":43,"column":114}},"loc":{"start":{"line":43,"column":126},"end":{"line":55,"column":1}},"line":43},"12":{"name":"(anonymous_12)","decl":{"start":{"line":57,"column":61},"end":{"line":57,"column":62}},"loc":{"start":{"line":57,"column":81},"end":{"line":70,"column":2}},"line":57},"13":{"name":"(anonymous_13)","decl":{"start":{"line":57,"column":115},"end":{"line":57,"column":116}},"loc":{"start":{"line":57,"column":128},"end":{"line":70,"column":1}},"line":57},"14":{"name":"(anonymous_14)","decl":{"start":{"line":72,"column":64},"end":{"line":72,"column":65}},"loc":{"start":{"line":72,"column":84},"end":{"line":85,"column":2}},"line":72},"15":{"name":"(anonymous_15)","decl":{"start":{"line":72,"column":118},"end":{"line":72,"column":119}},"loc":{"start":{"line":72,"column":131},"end":{"line":85,"column":1}},"line":72},"16":{"name":"(anonymous_16)","decl":{"start":{"line":87,"column":60},"end":{"line":87,"column":61}},"loc":{"start":{"line":87,"column":80},"end":{"line":100,"column":2}},"line":87},"17":{"name":"(anonymous_17)","decl":{"start":{"line":87,"column":114},"end":{"line":87,"column":115}},"loc":{"start":{"line":87,"column":127},"end":{"line":100,"column":1}},"line":87}},"branchMap":{"0":{"loc":{"start":{"line":2,"column":16},"end":{"line":10,"column":1}},"type":"binary-expr","locations":[{"start":{"line":2,"column":17},"end":{"line":2,"column":21}},{"start":{"line":2,"column":25},"end":{"line":2,"column":39}},{"start":{"line":2,"column":44},"end":{"line":10,"column":1}}],"line":2},"1":{"loc":{"start":{"line":3,"column":35},"end":{"line":3,"column":109}},"type":"cond-expr","locations":[{"start":{"line":3,"column":56},"end":{"line":3,"column":61}},{"start":{"line":3,"column":64},"end":{"line":3,"column":109}}],"line":3},"2":{"loc":{"start":{"line":4,"column":16},"end":{"line":4,"column":34}},"type":"binary-expr","locations":[{"start":{"line":4,"column":16},"end":{"line":4,"column":17}},{"start":{"line":4,"column":22},"end":{"line":4,"column":33}}],"line":4},"3":{"loc":{"start":{"line":7,"column":32},"end":{"line":7,"column":115}},"type":"cond-expr","locations":[{"start":{"line":7,"column":46},"end":{"line":7,"column":67}},{"start":{"line":7,"column":70},"end":{"line":7,"column":115}}],"line":7},"4":{"loc":{"start":{"line":8,"column":51},"end":{"line":8,"column":67}},"type":"binary-expr","locations":[{"start":{"line":8,"column":51},"end":{"line":8,"column":61}},{"start":{"line":8,"column":65},"end":{"line":8,"column":67}}],"line":8},"5":{"loc":{"start":{"line":11,"column":22},"end":{"line":13,"column":1}},"type":"binary-expr","locations":[{"start":{"line":11,"column":23},"end":{"line":11,"column":27}},{"start":{"line":11,"column":31},"end":{"line":11,"column":51}},{"start":{"line":11,"column":56},"end":{"line":13,"column":1}}],"line":11},"6":{"loc":{"start":{"line":12,"column":11},"end":{"line":12,"column":61}},"type":"cond-expr","locations":[{"start":{"line":12,"column":37},"end":{"line":12,"column":40}},{"start":{"line":12,"column":43},"end":{"line":12,"column":61}}],"line":12},"7":{"loc":{"start":{"line":12,"column":12},"end":{"line":12,"column":33}},"type":"binary-expr","locations":[{"start":{"line":12,"column":12},"end":{"line":12,"column":15}},{"start":{"line":12,"column":19},"end":{"line":12,"column":33}}],"line":12}},"s":{"0":1,"1":0,"2":0,"3":0,"4":0,"5":0,"6":0,"7":0,"8":0,"9":0,"10":0,"11":0,"12":1,"13":4,"14":1,"15":1,"16":1,"17":1,"18":1,"19":1,"20":1,"21":1,"22":1,"23":1,"24":0,"25":0,"26":0,"27":0,"28":0,"29":0,"30":1,"31":1,"32":0,"33":0,"34":0,"35":0,"36":0,"37":0,"38":1,"39":1,"40":0,"41":0,"42":0,"43":0,"44":0,"45":0,"46":1,"47":1,"48":0,"49":0,"50":0,"51":0,"52":0,"53":0,"54":1,"55":1,"56":0,"57":0,"58":0,"59":0,"60":0,"61":0,"62":1},"f":{"0":0,"1":0,"2":0,"3":0,"4":0,"5":0,"6":0,"7":4,"8":0,"9":0,"10":0,"11":0,"12":0,"13":0,"14":0,"15":0,"16":0,"17":0},"b":{"0":[1,1,1],"1":[0,0],"2":[0,0],"3":[0,0],"4":[0,0],"5":[1,1,1],"6":[2,2],"7":[4,4]},"inputSourceMap":{"version":3,"file":"/Users/philiplewis/Documents/Projects/XenElectronic/server/src/middleware/sanitization/userAuthSanitizer.ts","sources":["/Users/philiplewis/Documents/Projects/XenElectronic/server/src/middleware/sanitization/userAuthSanitizer.ts"],"names":[],"mappings":";;;;;;;;;;;;;;;AAAA,gDAAwB;AACxB,MAAM,UAAU,GAAG,cAAI,CAAC,QAAQ,CAAC,UAAU,CAAC,CAAC;AAG7C,kEAAyC;AAEzC,+EAAuD;AACvD,0FAA0D;AAE1D,+EAAgF;AAchF,MAAM,mBAAmB,GAAG;IAC1B,WAAW,EAAE,EAAE;IACf,MAAM,EAAE;QACN,aAAa,EAAE,IAAI;KACpB;CACF,CAAC;AAEF,MAAM,uBAAuB,GAAG,IAAA,sBAAY,EAC1C,CACE,GAA6B,EAC7B,GAAuC,EACvC,IAAkB,EAClB,EAAE;IACF,IAAI;QACF,MAAM,EAAE,KAAK,EAAE,QAAQ,EAAE,oBAAoB,EAAE,GAC7C,GAAG,CAAC,IAAsB,CAAC;QAE7B,GAAG,CAAC,MAAM,CAAC,uBAAuB,GAAG;YACnC,KAAK,EAAE,IAAA,uBAAY,EAAC,KAAK,CAAC,QAAQ,EAAE,CAAC,IAAI,EAAE,EAAE,mBAAmB,CAAC;YACjE,QAAQ;YACR,oBAAoB;SACrB,CAAC;QAEF,OAAO,IAAI,EAAE,CAAC;KACf;IAAC,OAAO,KAAU,EAAE;QACnB,MAAM,IAAI,8BAAY,CAAC,iDAAyB,CAAC,CAAC;KACnD;AACH,CAAC,CAAA,CACgB,CAAC;AA4FlB,0DAAuB;AA1FzB,MAAM,sBAAsB,GAAG,IAAA,sBAAY,EACzC,CACE,GAA6B,EAC7B,GAAuC,EACvC,IAAkB,EAClB,EAAE;IACF,IAAI;QACF,MAAM,EAAE,KAAK,EAAE,QAAQ,EAAE,GAAG,GAAG,CAAC,IAAqB,CAAC;QAEtD,GAAG,CAAC,MAAM,CAAC,sBAAsB,GAAG;YAClC,KAAK,EAAE,IAAA,uBAAY,EAAC,KAAK,CAAC,QAAQ,EAAE,CAAC,IAAI,EAAE,EAAE,mBAAmB,CAAC;YACjE,QAAQ;SACT,CAAC;QAEF,OAAO,IAAI,EAAE,CAAC;KACf;IAAC,OAAO,KAAU,EAAE;QACnB,MAAM,IAAI,8BAAY,CAAC,iDAAyB,CAAC,CAAC;KACnD;AACH,CAAC,CAAA,CACgB,CAAC;AAwElB,wDAAsB;AAtExB,MAAM,wBAAwB,GAAG,IAAA,sBAAY,EAC3C,CACE,GAA6B,EAC7B,GAAuC,EACvC,IAAkB,EAClB,EAAE;IACF,IAAI;QACF,MAAM,EAAE,KAAK,EAAE,QAAQ,EAAE,QAAQ,EAAE,GAAG,GAAG,CAAC,IAA2B,CAAC;QAEtE,GAAG,CAAC,MAAM,CAAC,sBAAsB,GAAG;YAClC,KAAK,EAAE,IAAA,uBAAY,EAAC,KAAK,CAAC,QAAQ,EAAE,CAAC,IAAI,EAAE,EAAE,mBAAmB,CAAC;YACjE,QAAQ,EAAE,IAAA,uBAAY,EAAC,QAAQ,CAAC,QAAQ,EAAE,CAAC,IAAI,EAAE,EAAE,mBAAmB,CAAC;YACvE,QAAQ;SACT,CAAC;QAEF,OAAO,IAAI,EAAE,CAAC;KACf;IAAC,OAAO,KAAU,EAAE;QACnB,MAAM,IAAI,8BAAY,CAAC,iDAAyB,CAAC,CAAC;KACnD;AACH,CAAC,CAAA,CACgB,CAAC;AAmDlB,4DAAwB;AAjD1B,MAAM,2BAA2B,GAAG,IAAA,sBAAY,EAC9C,CACE,GAA6B,EAC7B,GAAuC,EACvC,IAAkB,EAClB,EAAE;IACF,IAAI;QACF,MAAM,EAAE,KAAK,EAAE,QAAQ,EAAE,WAAW,EAAE,GACpC,GAAG,CAAC,IAA8B,CAAC;QAErC,GAAG,CAAC,MAAM,CAAC,yBAAyB,GAAG;YACrC,KAAK,EAAE,IAAA,uBAAY,EAAC,KAAK,CAAC,QAAQ,EAAE,CAAC,IAAI,EAAE,EAAE,mBAAmB,CAAC;YACjE,QAAQ;YACR,WAAW;SACZ,CAAC;QAEF,OAAO,IAAI,EAAE,CAAC;KACf;IAAC,OAAO,KAAU,EAAE;QACnB,MAAM,IAAI,8BAAY,CAAC,iDAAyB,CAAC,CAAC;KACnD;AACH,CAAC,CAAA,CACgB,CAAC;AA6BlB,kEAA2B;AA3B7B,MAAM,uBAAuB,GAAG,IAAA,sBAAY,EAC1C,CACE,GAA6B,EAC7B,GAAuC,EACvC,IAAkB,EAClB,EAAE;IACF,IAAI;QACF,MAAM,EAAE,KAAK,EAAE,QAAQ,EAAE,oBAAoB,EAAE,GAC7C,GAAG,CAAC,IAAsB,CAAC;QAE7B,GAAG,CAAC,MAAM,CAAC,uBAAuB,GAAG;YACnC,KAAK,EAAE,IAAA,uBAAY,EAAC,KAAK,CAAC,QAAQ,EAAE,CAAC,IAAI,EAAE,EAAE,mBAAmB,CAAC;YACjE,QAAQ;YACR,oBAAoB;SACrB,CAAC;QAEF,OAAO,IAAI,EAAE,CAAC;KACf;IAAC,OAAO,KAAU,EAAE;QACnB,MAAM,IAAI,8BAAY,CAAC,iDAAyB,CAAC,CAAC;KACnD;AACH,CAAC,CAAA,CACgB,CAAC;AAOlB,0DAAuB","sourcesContent":["import path from \"path\";\nconst scriptName = path.basename(__filename);\n\nimport { Request, Response, RequestHandler, NextFunction } from \"express\";\nimport sanitizeHtml from \"sanitize-html\";\n\nimport asyncHandler from \"../../handlers/asyncHandler\";\nimport ErrorHandler from \"../custom/modifiedErrorHandler\";\n\nimport { userAuthSanitizationError } from \"../../helpers/userAuthErrorResponse\";\n\nimport type {} from \"../../types/commonTypes\";\n\nimport type {\n  UserSignupData,\n  UserLogInData,\n  UpdateUserEmailData,\n  UpdateUserPasswordData,\n  UserDeleteData,\n  TypedUserAuthRequestBody,\n  TypedUserAuthSanitizedResponseBody,\n} from \"../../types/userAuthTypes\";\n\nconst sanitizationOptions = {\n  allowedTags: [],\n  parser: {\n    lowerCaseTags: true,\n  },\n};\n\nconst signUpUserDataSanitizer = asyncHandler(\n  async (\n    req: TypedUserAuthRequestBody,\n    res: TypedUserAuthSanitizedResponseBody,\n    next: NextFunction\n  ) => {\n    try {\n      const { email, password, passwordConfirmation } =\n        req.body as UserSignupData;\n\n      res.locals.sanitizedSignUpUserData = {\n        email: sanitizeHtml(email.toString().trim(), sanitizationOptions),\n        password,\n        passwordConfirmation,\n      };\n\n      return next();\n    } catch (error: any) {\n      throw new ErrorHandler(userAuthSanitizationError);\n    }\n  }\n) as RequestHandler;\n\nconst logInUserDataSanitizer = asyncHandler(\n  async (\n    req: TypedUserAuthRequestBody,\n    res: TypedUserAuthSanitizedResponseBody,\n    next: NextFunction\n  ) => {\n    try {\n      const { email, password } = req.body as UserLogInData;\n\n      res.locals.sanitizedLogInUserData = {\n        email: sanitizeHtml(email.toString().trim(), sanitizationOptions),\n        password,\n      };\n\n      return next();\n    } catch (error: any) {\n      throw new ErrorHandler(userAuthSanitizationError);\n    }\n  }\n) as RequestHandler;\n\nconst updateUserEmailSanitizer = asyncHandler(\n  async (\n    req: TypedUserAuthRequestBody,\n    res: TypedUserAuthSanitizedResponseBody,\n    next: NextFunction\n  ) => {\n    try {\n      const { email, newEmail, password } = req.body as UpdateUserEmailData;\n\n      res.locals.sanitizedEditUserEmail = {\n        email: sanitizeHtml(email.toString().trim(), sanitizationOptions),\n        newEmail: sanitizeHtml(newEmail.toString().trim(), sanitizationOptions),\n        password,\n      };\n\n      return next();\n    } catch (error: any) {\n      throw new ErrorHandler(userAuthSanitizationError);\n    }\n  }\n) as RequestHandler;\n\nconst updateUserPasswordSanitizer = asyncHandler(\n  async (\n    req: TypedUserAuthRequestBody,\n    res: TypedUserAuthSanitizedResponseBody,\n    next: NextFunction\n  ) => {\n    try {\n      const { email, password, newPassword } =\n        req.body as UpdateUserPasswordData;\n\n      res.locals.sanitizedEditUserPassword = {\n        email: sanitizeHtml(email.toString().trim(), sanitizationOptions),\n        password,\n        newPassword,\n      };\n\n      return next();\n    } catch (error: any) {\n      throw new ErrorHandler(userAuthSanitizationError);\n    }\n  }\n) as RequestHandler;\n\nconst deleteUserDataSanitizer = asyncHandler(\n  async (\n    req: TypedUserAuthRequestBody,\n    res: TypedUserAuthSanitizedResponseBody,\n    next: NextFunction\n  ) => {\n    try {\n      const { email, password, passwordConfirmation } =\n        req.body as UserDeleteData;\n\n      res.locals.sanitizedDeleteUserData = {\n        email: sanitizeHtml(email.toString
[...]
olumn":42},"end":{"line":5,"column":70}},"6":{"start":{"line":5,"column":85},"end":{"line":5,"column":95}},"7":{"start":{"line":6,"column":35},"end":{"line":6,"column":100}},"8":{"start":{"line":6,"column":41},"end":{"line":6,"column":73}},"9":{"start":{"line":6,"column":88},"end":{"line":6,"column":98}},"10":{"start":{"line":7,"column":32},"end":{"line":7,"column":116}},"11":{"start":{"line":8,"column":8},"end":{"line":8,"column":78}},"12":{"start":{"line":11,"column":22},"end":{"line":13,"column":1}},"13":{"start":{"line":12,"column":4},"end":{"line":12,"column":62}},"14":{"start":{"line":14,"column":0},"end":{"line":14,"column":62}},"15":{"start":{"line":15,"column":0},"end":{"line":15,"column":43}},"16":{"start":{"line":16,"column":15},"end":{"line":16,"column":47}},"17":{"start":{"line":17,"column":19},"end":{"line":17,"column":54}},"18":{"start":{"line":18,"column":24},"end":{"line":18,"column":65}},"19":{"start":{"line":19,"column":23},"end":{"line":19,"column":78}},"20":{"start":{"line":20,"column":31},"end":{"line":20,"column":89}},"21":{"start":{"line":21,"column":36},"end":{"line":21,"column":86}},"22":{"start":{"line":22,"column":19},"end":{"line":22,"column":50}},"23":{"start":{"line":23,"column":28},"end":{"line":28,"column":1}},"24":{"start":{"line":29,"column":34},"end":{"line":45,"column":3}},"25":{"start":{"line":29,"column":82},"end":{"line":45,"column":2}},"26":{"start":{"line":30,"column":4},"end":{"line":44,"column":5}},"27":{"start":{"line":31,"column":32},"end":{"line":31,"column":41}},"28":{"start":{"line":32,"column":8},"end":{"line":34,"column":9}},"29":{"start":{"line":33,"column":12},"end":{"line":33,"column":30}},"30":{"start":{"line":35,"column":8},"end":{"line":39,"column":12}},"31":{"start":{"line":40,"column":8},"end":{"line":40,"column":22}},"32":{"start":{"line":43,"column":8},"end":{"line":43,"column":102}},"33":{"start":{"line":46,"column":0},"end":{"line":46,"column":62}}},"fnMap":{"0":{"name":"(anonymous_0)","decl":{"start":{"line":2,"column":44},"end":{"line":2,"column":45}},"loc":{"start":{"line":2,"column":89},"end":{"line":10,"column":1}},"line":2},"1":{"name":"adopt","decl":{"start":{"line":3,"column":13},"end":{"line":3,"column":18}},"loc":{"start":{"line":3,"column":26},"end":{"line":3,"column":112}},"line":3},"2":{"name":"(anonymous_2)","decl":{"start":{"line":3,"column":70},"end":{"line":3,"column":71}},"loc":{"start":{"line":3,"column":89},"end":{"line":3,"column":108}},"line":3},"3":{"name":"(anonymous_3)","decl":{"start":{"line":4,"column":36},"end":{"line":4,"column":37}},"loc":{"start":{"line":4,"column":63},"end":{"line":9,"column":5}},"line":4},"4":{"name":"fulfilled","decl":{"start":{"line":5,"column":17},"end":{"line":5,"column":26}},"loc":{"start":{"line":5,"column":34},"end":{"line":5,"column":99}},"line":5},"5":{"name":"rejected","decl":{"start":{"line":6,"column":17},"end":{"line":6,"column":25}},"loc":{"start":{"line":6,"column":33},"end":{"line":6,"column":102}},"line":6},"6":{"name":"step","decl":{"start":{"line":7,"column":17},"end":{"line":7,"column":21}},"loc":{"start":{"line":7,"column":30},"end":{"line":7,"column":118}},"line":7},"7":{"name":"(anonymous_7)","decl":{"start":{"line":11,"column":56},"end":{"line":11,"column":57}},"loc":{"start":{"line":11,"column":71},"end":{"line":13,"column":1}},"line":11},"8":{"name":"(anonymous_8)","decl":{"start":{"line":29,"column":62},"end":{"line":29,"column":63}},"loc":{"start":{"line":29,"column":82},"end":{"line":45,"column":2}},"line":29},"9":{"name":"(anonymous_9)","decl":{"start":{"line":29,"column":116},"end":{"line":29,"column":117}},"loc":{"start":{"line":29,"column":129},"end":{"line":45,"column":1}},"line":29}},"branchMap":{"0":{"loc":{"start":{"line":2,"column":16},"end":{"line":10,"column":1}},"type":"binary-expr","locations":[{"start":{"line":2,"column":17},"end":{"line":2,"column":21}},{"start":{"line":2,"column":25},"end":{"line":2,"column":39}},{"start":{"line":2,"column":44},"end":{"line":10,"column":1}}],"line":2},"1":{"loc":{"start":{"line":3,"column":35},"end":{"line":3,"column":109}},"type":"cond-expr","locations":[{"start":{"line":3,"column":56},"end":{"line":3,"column":61}},{"start":{"line":3,"column":64},"end":{"line":3,"column":109}}],"line":3},"2":{"loc":{"start":{"line":4,"column":16},"end":{"line":4,"column":34}},"type":"binary-expr","locations":[{"start":{"line":4,"column":16},"end":{"line":4,"column":17}},{"start":{"line":4,"column":22},"end":{"line":4,"column":33}}],"line":4},"3":{"loc":{"start":{"line":7,"column":32},"end":{"line":7,"column":115}},"type":"cond-expr","locations":[{"start":{"line":7,"column":46},"end":{"line":7,"column":67}},{"start":{"line":7,"column":70},"end":{"line":7,"column":115}}],"line":7},"4":{"loc":{"start":{"line":8,"column":51},"end":{"line":8,"column":67}},"type":"binary-expr","locations":[{"start":{"line":8,"column":51},"end":{"line":8,"column":61}},{"start":{"line":8,"column":65},"end":{"line":8,"column":67}}],"line":8},"5":{"loc":{"start":{"line":11,"column":22},"end":{"line":13,"column":1}},"type":"binary-expr","locations":[{"start":{"line":11,"column":23},"end":{"line":11,"column":27}},{"start":{"line":11,"column":31},"end":{"line":11,"column":51}},{"start":{"line":11,"column":56},"end":{"line":13,"column":1}}],"line":11},"6":{"loc":{"start":{"line":12,"column":11},"end":{"line":12,"column":61}},"type":"cond-expr","locations":[{"start":{"line":12,"column":37},"end":{"line":12,"column":40}},{"start":{"line":12,"column":43},"end":{"line":12,"column":61}}],"line":12},"7":{"loc":{"start":{"line":12,"column":12},"end":{"line":12,"column":33}},"type":"binary-expr","locations":[{"start":{"line":12,"column":12},"end":{"line":12,"column":15}},{"start":{"line":12,"column":19},"end":{"line":12,"column":33}}],"line":12},"8":{"loc":{"start":{"line":32,"column":8},"end":{"line":34,"column":9}},"type":"if","locations":[{"start":{"line":32,"column":8},"end":{"line":34,"column":9}},{"start":{"line":32,"column":8},"end":{"line":34,"column":9}}],"line":32},"9":{"loc":{"start":{"line":32,"column":12},"end":{"line":32,"column":100}},"type":"binary-expr","locations":[{"start":{"line":32,"column":13},"end":{"line":32,"column":18}},{"start":{"line":32,"column":22},"end":{"line":32,"column":54}},{"start":{"line":32,"column":60},"end":{"line":32,"column":64}},{"start":{"line":32,"column":68},"end":{"line":32,"column":99}}],"line":32},"10":{"loc":{"start":{"line":35,"column":60},"end":{"line":37,"column":9}},"type":"binary-expr","locations":[{"start":{"line":35,"column":60},"end":{"line":35,"column":65}},{"start":{"line":35,"column":69},"end":{"line":37,"column":9}}],"line":35},"11":{"loc":{"start":{"line":37,"column":14},"end":{"line":39,"column":9}},"type":"binary-expr","locations":[{"start":{"line":37,"column":14},"end":{"line":37,"column":18}},{"start":{"line":37,"column":22},"end":{"line":39,"column":9}}],"line":37}},"s":{"0":1,"1":0,"2":0,"3":0,"4":0,"5":0,"6":0,"7":0,"8":0,"9":0,"10":0,"11":0,"12":1,"13":4,"14":1,"15":1,"16":1,"17":1,"18":1,"19":1,"20":1,"21":1,"22":1,"23":1,"24":1,"25":0,"26":0,"27":0,"28":0,"29":0,"30":0,"31":0,"32":0,"33":1},"f":{"0":0,"1":0,"2":0,"3":0,"4":0,"5":0,"6":0,"7":4,"8":0,"9":0},"b":{"0":[1,1,1],"1":[0,0],"2":[0,0],"3":[0,0],"4":[0,0],"5":[1,1,1],"6":[2,2],"7":[4,4],"8":[0,0],"9":[0,0,0,0],"10":[0,0],"11":[0,0]},"inputSourceMap":{"version":3,"file":"/Users/philiplewis/Documents/Projects/XenElectronic/server/src/middleware/sanitization/publicRouteSanitizer.ts","sources":["/Users/philiplewis/Documents/Projects/XenElectronic/server/src/middleware/sanitization/publicRouteSanitizer.ts"],"names":[],"mappings":";;;;;;;;;;;;;;;AAAA,gDAAwB;AACxB,MAAM,UAAU,GAAG,cAAI,CAAC,QAAQ,CAAC,UAAU,CAAC,CAAC;AAG7C,kEAAyC;AAEzC,+EAAuD;AACvD,0FAA0D;AAE1D,uFAAkF;AAClF,mDAAgD;AAEhD,MAAM,mBAAmB,GAAG;IAC1B,WAAW,EAAE,EAAE;IACf,MAAM,EAAE;QACN,aAAa,EAAE,IAAI;KACpB;CACF,CAAC;AAEF,MAAM,yBAAyB,GAAG,IAAA,sBAAY,EAC5C,CAAO,GAAY,EAAE,GAAa,EAAE,IAAkB,EAAE,EAAE;IACxD,IAAI;QACF,MAAM,EAAE,KAAK,EAAE,IAAI,EAAE,GAAG,GAAG,CAAC,KAAK,CAAC;QAElC,IAAI,CAAC,KAAK,IAAI,CAAC,IAAA,mBAAQ,EAAC,KAAK,CAAC,CAAC,IAAI,CAAC,IAAI,IAAI,CAAC,IAAA,mBAAQ,EAAC,IAAI,CAAC,CAAC,EAAE;YAC5D,MAAM,IAAI,KAAK,EAAE,CAAC;SACnB;QAED,GAAG,CAAC,MAAM,CAAC,KAAK,mCACX,CAAC,KAAK,IAAI;YACX,KAAK,EAAE,MAAM,CAAC,IAAA,uBAAY,EAAC,KAAK,CAAC,QAAQ,EAAE,EAAE,mBAAmB,CAAC,CAAC;SACnE,CAAC,GACC,CAAC,IAAI,IAAI;YACV,IAAI,EAAE,MAAM,CAAC,IAAA,uBAAY,EAAC,IAAI,CAAC,QAAQ,EAAE,EAAE,mBAAmB,CAAC,CAAC;SACjE,CAAC,CACH,CAAC;QAEF,OAAO,IAAI,EAAE,CAAC;KACf;IAAC,OAAO,KAAU,EAAE;QACnB,MAAM,IAAI,8BAAY,CAAC,mDAAuB,CAAC,CAAC;KACjD;AACH,CAAC,CAAA,CACgB,CAAC;AAEX,8DAAyB","sourcesContent":["import path from \"path\";\nconst scriptName = path.basename(__filename);\n\nimport { Request, Response, RequestHandler, NextFunction } from \"express\";\nimport sanitizeHtml from \"sanitize-html\";\n\nimport asyncHandler from \"../../handlers/asyncHandler\";\nimport ErrorHandler from \"../custom/modifiedErrorHandler\";\n\nimport { getAllSanitizationError } from \"../../helpers/publicRoutesErrorResponse\";\nimport { isNumber } from \"../../utils/isNumber\";\n\nconst sanitizationOptions = {\n  allowedTags: [],\n  parser: {\n    lowerCaseTags: true,\n  },\n};\n\nconst publicRouteQuerySanitizer = asyncHandler(\n  async (req: Request, res: Response, next: NextFunction) => {\n    try {\n      const { count, skip } = req.query;\n\n      if ((count && !isNumber(count)) || (skip && !isNumber(skip))) {\n        throw new Error();\n      }\n\n      res.locals.query = {\n        ...(count && {\n          count: Number(sanitizeHtml(count.toString(), sanitizationOptions)),\n        }),\n        ...(skip && {\n          skip: Number(sanitizeHtml(skip.toString(), sanitizationOptions)),\n        }),\n      };\n\n      return next();\n    } catch (error: any) {\n      throw new ErrorHandler(getAllSanitizationError);\n    }\n  }\n) as RequestHandler;\n\nexport { publicRouteQuerySanitizer };\n"]},"_coverageSchema":"1a1c01bbd47fc00a2c39e90264f33305004495a9","hash":"be818c51d96b91c684826e3bee84658db2bd612f"},"/Users/philiplewis/Documents/Projects/XenElectronic/server/src/utils/isNumber.ts":{"path":"/Users/philiplewis/Documents/Projects/XenElectronic/server/src/utils/isNumber.ts","statementMap":{"0":{"start":{"line":2,"column":0},"end":{"line":2,"column":62}},"1":{"start":{"line":3,"column":0},"end":{"line":3,"column":26}},"2":{"start":{"line":4,"column":17},"end":{"line":6,"column":1}},"3":{"start":{"line":5,"column":4},"end":{"line":5,"column":50}},"4":{"start":{"line":7,"column":0},"end":{"line":7,"column":28}}},"fnMap":{"0":{"name":"(anonymous_0)","decl":{"start":{"line":4,"column":17},"end":{"line":4,"column":18}},"loc":{"start":{"line":4,"column":24},"end":{"line":6,"column":1}},"line":4}},"branchMap":{"0":{"loc":{"start":{"line":5,"column":11},"end":{"line":5,"column":49}},"type":"binary-expr","locations":[{"start":{"line":5,"column":11},"end":{"line":5,"column":32}},{"start":{"line":5,"column":36},"end":{"line":5,"column":49}}],"line":5}},"s":{"0":1,"1":1,"2":1,"3":0,"4":1},"f":{"0":0},"b":{"0":[0,0]},"inputSourceMap":{"version":3,"file":"/Users/philiplewis/Documents/Projects/XenElectronic/server/src/utils/isNumber.ts","sources":["/Users/philiplewis/Documents/Projects/XenElectronic/server/src/utils/isNumber.ts"],"names":[],"mappings":";;;AAAO,MAAM,QAAQ,GAAG,CAAC,CAAM,EAAE,EAAE;IAC/B,OAAO,CAAC,KAAK,CAAC,UAAU,CAAC,CAAC,CAAC,CAAC,IAAI,CAAC,KAAK,CAAC,CAAC,GAAG,CAAC,CAAC,CAAC;AAChD,CAAC,CAAC;AAFS,QAAA,QAAQ,YAEjB","sourcesContent":["export const isNumber = (n: any) => {\n    return !isNaN(parseFloat(n)) && !isNaN(n - 0);\n  };\n  "]},"_coverageSchema":"1a1c01bbd47fc00a2c39e90264f33305004495a9","hash":"0b8cfd2b9f8ff6467de6902149b8b181b9a7e711"},"/Users/philiplewis/Documents/Projects/XenElectronic/server/src/database/dbConnection.ts":{"path":"/Users/philiplewis/Documents/Projects/XenElectronic/server/src/database/dbConnection.ts","statementMap":{"0":{"start":{"line":2,"column":16},"end":{"line":10,"column":1}},"1":{"start":{"line":3,"column":28},"end":{"line":3,"column":110}},"2":{"start":{"line":3,"column":91},"end":{"line":3,"column":106}},"3":{"start":{"line":4,"column":4},"end":{"line":9,"column":7}},"4":{"start":{"line":5,"column":36},"end":{"line":5,"column":97}},"5":{"start":{"line":5,"column":42},"end":{"line":5,"column":70}},"6":{"start":{"line":5,"column":85},"end":{"line":5,"column":95}},"7":{"start":{"line":6,"column":35},"end":{"line":6,"column":100}},"8":{"start":{"line":6,"column":41},"end":{"line":6,"column":73}},"9":{"start":{"line":6,"column":88},"end":{"line":6,"column":98}},"10":{"start":{"line":7,"column":32},"end":{"line":7,"column":116}},"11":{"start":{"line":8,"column":8},"end":{"line":8,"column":78}},"12":{"start":{"line":11,"column":22},"end":{"line":13,"column":1}},"13":{"start":{"line":12,"column":4},"end":{"line":12,"column":62}},"14":{"start":{"line":14,"column":0},"end":{"line":14,"column":62}},"15":{"start":{"line":15,"column":0},"end":{"line":15,"column":36}},"16":{"start":{"line":16,"column":19},"end":{"line":16,"column":55}},"17":{"start":{"line":17,"column":15},"end":{"line":17,"column":47}},"18":{"start":{"line":18,"column":17},"end":{"line":18,"column":37}},"19":{"start":{"line":19,"column":0},"end":{"line":19,"column":84}},"20":{"start":{"line":20,"column":24},"end":{"line":23,"column":1}},"21":{"start":{"line":24,"column":15},"end":{"line":26,"column":36}},"22":{"start":{"line":27,"column":27},"end":{"line":35,"column":2}},"23":{"start":{"line":27,"column":33},"end":{"line":35,"column":2}},"24":{"start":{"line":28,"column":4},"end":{"line":34,"column":5}},"25":{"start":{"line":29,"column":8},"end":{"line":29,"column":60}},"26":{"start":{"line":30,"column":8},"end":{"line":30,"column":49}},"27":{"start":{"line":33,"column":8},"end":{"line":33,"column":64}},"28":{"start":{"line":36,"column":0},"end":{"line":36,"column":48}}},"fnMap":{"0":{"name":"(anonymous_0)","decl":{"start":{"line":2,"column":44},"end":{"line":2,"column":45}},"loc":{"start":{"line":2,"column":89},"end":{"line":10,"column":1}},"line":2},"1":{"name":"adopt","decl":{"start":{"line":3,"column":13},"end":{"line":3,"column":18}},"loc":{"start":{"line":3,"column":26},"end":{"line":3,"column":112}},"line":3},"2":{"name":"(anonymous_2)","decl":{"start":{"line":3,"column":70},"end":{"line":3,"column":71}},"loc":{"start":{"line":3,"column":89},"end":{"line":3,"column":108}},"line":3},"3":{"name":"(anonymous_3)","decl":{"start":{"line":4,"column":36},"end":{"line":4,"column":37}},"loc":{"start":{"line":4,"column":63},"end":{"line":9,"column":5}},"line":4},"4":{"name":"fulfilled","decl":{"start":{"line":5,"column":17},"end":{"line":5,"column":26}},"loc":{"start":{"line":5,"column":34},"end":{"line":5,"column":99}},"line":5},"5":{"name":"rejected","decl":{"start":{"line":6,"column":17},"end":{"line":6,"column":25}},"loc":{"start":{"line":6,"column":33},"end":{"line":6,"column":102}},"line":6},"6":{"name":"step","decl":{"start":{"line":7,"column":17},"end":{"line":7,"column":21}},"loc":{"start":{"line":7,"column":30},"end":{"line":7,"column":118}},"line":7},"7":{"name":"(anonymous_7)","decl":{"start":{"line":11,"column":56},"end":{"line":11,"column":57}},"loc":{"start":{"line":11,"column":71},"end":{"line":13,"column":1}},"line":11},"8":{"name":"(anonymous_8)","decl":{"start":{"line":27,"column":27},"end":{"line":27,"column":28}},"loc":{"start":{"line":27,"column":33},"end":{"line":35,"column":2}},"line":27},"9":{"name":"(anonymous_9)","decl":{"start":{"line":27,"column":67},"end":{"line":27,"column":68}},"loc":{"start":{"line":27,"column":80},"end":{"line":35,"column":1}},"line":27}},"branchMap":{"0":{"loc":{"start":{"line":2,"column":16},"end":{"line":10,"column":1}},"type":"binary-expr","locations":[{"start":{"line":2,"column":17},"end":{"line":2,"column":21}},{"start":{"line":2,"column":25},"end":{"line":2,"column":39}},{"start":{"line":2,"column":44},"end":{"line":10,"column":1}}],"line":2},"1":{"loc":{"start":{"line":3,"column":35},"end":{"line":3,"column":109}},"type":"cond-expr","locations":[{"start":{"line":3,"column":56},"end":{"line":3,"column":61}},{"start":{"line":3,"column":64},"end":{"line":3,"column":109}}],"line":3},"2":{"loc":{"start":{"line":4,"column":16},"end":{"line":4,"column":34}},"type":"binary-expr","locations":[{"start":{"line":4,"column":16},"end":{"line":4,"column":17}},{"start":{"line":4,"column":22},"end":{"line":4,"column":33}}],"line":4},"3":{"loc":{"start":{"line":7,"column":32},"end":{"line":7,"column":115}},"type":"cond-expr","locations":[{"start":{"line":7,"column":46},"end":{"line":7,"column":67}},{"start":{"line":7,"column":70},"end":{"line":7,"column":115}}],"line":7},"4":{"loc":{"start":{"line":8,"column":51},"end":{"line":8,"column":67}},"type":"binary-expr","locations":[{"start":{"line":8,"column":51},"end":{"line":8,"column":61}},{"start":{"line":8,"column":65},"end":{"line":8,"column":67}}],"line":8},"5":{"loc":{"start":{"line":11,"column":22},"end":{"line":13,"column":1}},"type":"binary-expr","locations":[{"start":{"line":11,"column":23},"end":{"line":11,"column":27}},{"start":{"line":11,"column":31},"end":{"line":11,"column":51}},{"start":{"line":11,"column":56},"end":{"line":13,"column":1}}],"line":11},"6":{"loc":{"start":{"line":12,"column":11},"end":{"line":12,"column":61}},"type":"cond-expr","locations":[{"start":{"line":12,"column":37},"end":{"line":12,"column":40}},{"start":{"line":12,"column":43},"end":{"line":12,"column":61}}],"line":12},"7":{"loc":{"start":{"line":12,"column":12},"end":{"line":12,"column":33}},"type":"binary-expr","locations":[{"start":{"line":12,"column":12},"end":{"line":12,"column":15}},{"start":{"line":12,"column":19},"end":{"line":12,"column":33}}],"line":12},"8":{"loc":{"start":{"line":24,"column":15},"end":{"line":26,"column":36}},"type":"cond-expr","locations":[{"start":{"line":25,"column":6},"end":{"line":25,"column":37}},{"start":{"line":26,"column":6},"end":{"line":26,"column":36}}],"line":24}},"s":{"0":1,"1":0,"2":0,"3":1,"4":0,"5":0,"6":0,"7":0,"8":0,"9":0,"10":1,"11":1,"12":1,"13":2,"14":1,"15":1,"16":1,"17":1,"18":1,"19":1,"20":1,"21":1,"22":1,"23":1,"24":1,"25":1,"26":1,"27":0,"28":1},"f":{"0":1,"1":0,"2":0,"3":1,"4":0,"5":0,"6":1,"7":2,"8":1,"9":1},"b":{"0":[1,1,1],"1":[0,0],"2":[1,1],"3":[1,0],"4":[1,1],"5":[1,1,1],"6":[0,2],"7":[2,2],"8":[1,0]},"inputSourceMap":{"version":3,"file":"/Users/philiplewis/Documents/Projects/XenElectronic/server/src/database/dbConnection.ts","sources":["/Users/philiplewis/Documents/Projects/XenElectronic/server/src/database/dbConnection.ts"],"names":[],"mappings":";;;;;;;;;;;;;;;AAAA,wDAAgC;AAChC,gDAAwB;AACxB,sCAAmC;AACnC,OAAO,CAAC,QAAQ,CAAC,CAAC,MAAM,CAAC,EAAE,IAAI,EAAE,cAAI,CAAC,OAAO,CAAC,SAAS,EAAE,YAAY,CAAC,EAAE,CAAC,CAAC;AAC1E,MAAM,eAAe,GAAQ;IAC3B,eAAe,EAAE,IAAI;IACrB,kBAAkB,EAAE,IAAI;CACzB,CAAC;AAEF,MAAM,MAAM,GACV,eAAM,CAAC,WAAW,IAAI,aAAa;IACjC,CAAC,CAAC,OAAO,CAAC,GAAG,CAAC,mBAAmB;IACjC,CAAC,CAAC,OAAO,CAAC,GAAG,CAAC,kBAAkB,CAAC;AAErC,MAAM,kBAAkB,GAAG,GAAS,EAAE;IACpC,IAAI;QACF,kBAAQ,CAAC,OAAO,CAAC,MAAM,EAAE,eAAe,CAAC,CAAC;QAC1C,OAAO,CAAC,GAAG,CAAC,2BAA2B,CAAC,CAAC;KAC1C;IAAC,OAAO,KAAK,EAAE;QACd,OAAO,CAAC,GAAG,CAAC,mCAAmC,EAAE,KAAK,CAAC,CAAC;KACzD;AACH,CAAC,CAAA,CAAC;AAEO,gDAAkB","sourcesContent":["import mongoose from 'mongoose';\nimport path from 'path';\nimport { config } from '../config';\nrequire('dotenv').config({ path: path.resolve(__dirname, '../../.env') });\nconst mongooseOptions: any = {\n  useNewUrlParser: true,\n  useUnifiedTopology: true,\n};\n\nconst dbPort: any =\n  config.environment == 'development'\n    ? process.env.DB_PORT_DEVELOPMENT\n    : process.env.DB_PORT_PRODUCTION;\n\nconst databaseConnection = async () => {\n  try {\n    mongoose.connect(dbPort, mongooseOptions);\n    console.log('Connected to the database');\n  } catch (error) {\n    console.log('Unable to Connect to the database', error);\n  }\n};\n\nexport { databaseConnection };\n"]},"_coverageSchema":"1a1c01bbd47fc00a2c39e90264f33305004495a9","hash":"0bd8d943595c5de6f8eabc16126ca40b7ccb8a9c"}}