TN:
SF:src/app.ts
FN:52,(anonymous_1)
FN:71,(anonymous_2)
FNF:2
FNH:0
FNDA:0,(anonymous_1)
FNDA:0,(anonymous_2)
DA:1,1
DA:3,1
DA:4,1
DA:5,1
DA:6,1
DA:7,1
DA:9,1
DA:10,1
DA:11,1
DA:13,1
DA:15,1
DA:17,1
DA:19,1
DA:20,1
DA:22,1
DA:24,1
DA:25,1
DA:27,1
DA:28,1
DA:29,1
DA:30,1
DA:31,1
DA:32,1
DA:33,1
DA:35,1
DA:52,1
DA:53,0
DA:54,0
DA:55,0
DA:56,0
DA:60,0
DA:63,1
DA:67,1
DA:69,1
DA:71,1
DA:72,0
DA:75,1
DA:77,1
LF:38
LH:32
BRF:0
BRH:0
end_of_record
TN:
SF:src/config.ts
FNF:0
FNH:0
DA:1,1
DA:3,1
LF:2
LH:2
BRDA:6,0,0,1
BRDA:6,0,1,0
BRF:2
BRH:1
end_of_record
TN:
SF:src/controllers/publicRouteController.ts
FN:27,(anonymous_8)
FN:30,(anonymous_9)
FN:47,(anonymous_10)
FN:50,(anonymous_11)
FNF:4
FNH:0
FNDA:0,(anonymous_8)
FNDA:0,(anonymous_9)
FNDA:0,(anonymous_10)
FNDA:0,(anonymous_11)
DA:7,1
DA:8,1
DA:9,1
DA:10,1
DA:11,1
DA:19,1
DA:26,1
DA:30,0
DA:31,0
DA:32,0
DA:34,0
DA:39,0
DA:41,0
DA:46,1
DA:50,0
DA:51,0
DA:52,0
DA:53,0
DA:54,0
DA:55,0
DA:57,0
DA:59,0
DA:69,0
DA:73,0
DA:74,0
LF:25
LH:8
BRDA:36,0,0,0
BRDA:36,0,1,0
BRDA:37,1,0,0
BRDA:37,1,1,0
BRDA:57,2,0,0
BRDA:57,2,1,0
BRDA:57,3,0,0
BRDA:57,3,1,0
BRDA:57,4,0,0
BRDA:57,4,1,0
BRDA:57,5,0,0
BRDA:57,5,1,0
BRDA:57,6,0,0
BRDA:57,6,1,0
BRDA:60,7,0,0
BRDA:60,7,1,0
BRDA:66,8,0,0
BRDA:66,8,1,0
BRDA:67,9,0,0
BRDA:67,9,1,0
BRF:20
BRH:0
end_of_record
TN:
SF:src/controllers/userAuthController.ts
FN:37,(anonymous_8)
FN:37,(anonymous_9)
FN:81,(anonymous_10)
FN:81,(anonymous_11)
FN:133,(anonymous_12)
FN:133,(anonymous_13)
FN:147,(anonymous_14)
FN:147,(anonymous_15)
FN:163,(anonymous_16)
FN:163,(anonymous_17)
FN:228,(anonymous_18)
FN:228,(anonymous_19)
FN:298,(anonymous_20)
FN:298,(anonymous_21)
FNF:14
FNH:0
FNDA:0,(anonymous_8)
FNDA:0,(anonymous_9)
FNDA:0,(anonymous_10)
FNDA:0,(anonymous_11)
FNDA:0,(anonymous_12)
FNDA:0,(anonymous_13)
FNDA:0,(anonymous_14)
FNDA:0,(anonymous_15)
FNDA:0,(anonymous_16)
FNDA:0,(anonymous_17)
FNDA:0,(anonymous_18)
FNDA:0,(anonymous_19)
FNDA:0,(anonymous_20)
FNDA:0,(anonymous_21)
DA:1,1
DA:2,1
DA:3,1
DA:6,1
DA:7,1
DA:9,1
DA:11,1
DA:13,1
DA:14,1
DA:24,1
DA:26,1
DA:36,1
DA:37,0
DA:38,0
DA:42,0
DA:44,0
DA:53,0
DA:55,0
DA:56,0
DA:58,0
DA:59,0
DA:61,0
DA:65,0
DA:67,0
DA:73,0
DA:75,0
DA:80,1
DA:81,0
DA:82,0
DA:83,0
DA:85,0
DA:92,0
DA:95,0
DA:101,0
DA:103,0
DA:104,0
DA:106,0
DA:119,0
DA:125,0
DA:127,0
DA:132,1
DA:133,0
DA:134,0
DA:135,0
DA:139,0
DA:141,0
DA:146,1
DA:147,0
DA:148,0
DA:149,0
DA:151,0
DA:153,0
DA:155,0
DA:157,0
DA:162,1
DA:163,0
DA:164,0
DA:166,0
DA:168,0
DA:175,0
DA:178,0
DA:184,0
DA:186,0
DA:190,0
DA:195,0
DA:204,0
DA:220,0
DA:222,0
DA:227,1
DA:228,0
DA:229,0
DA:231,0
DA:233,0
DA:240,0
DA:243,0
DA:249,0
DA:251,0
DA:256,0
DA:261,0
DA:265,0
DA:270,0
DA:280,0
DA:290,0
DA:292,0
DA:297,1
DA:298,0
DA:299,0
DA:301,0
DA:303,0
DA:310,0
DA:313,0
DA:319,0
DA:321,0
DA:323,0
DA:329,0
DA:331,0
DA:337,1
DA:338,1
DA:339,1
DA:340,1
DA:341,1
DA:342,1
DA:343,1
LF:103
LH:25
BRDA:48,0,0,0
BRDA:48,0,1,0
BRDA:73,1,0,0
BRDA:73,1,1,0
BRDA:95,2,0,0
BRDA:95,2,1,0
BRDA:101,3,0,0
BRDA:101,3,1,0
BRDA:125,4,0,0
BRDA:125,4,1,0
BRDA:151,5,0,0
BRDA:151,5,1,0
BRDA:155,6,0,0
BRDA:155,6,1,0
BRDA:178,7,0,0
BRDA:178,7,1,0
BRDA:184,8,0,0
BRDA:184,8,1,0
BRDA:220,9,0,0
BRDA:220,9,1,0
BRDA:243,10,0,0
BRDA:243,10,1,0
BRDA:249,11,0,0
BRDA:249,11,1,0
BRDA:290,12,0,0
BRDA:290,12,1,0
BRDA:313,13,0,0
BRDA:313,13,1,0
BRDA:319,14,0,0
BRDA:319,14,1,0
BRDA:329,15,0,0
BRDA:329,15,1,0
BRF:32
BRH:0
end_of_record
TN:
SF:src/database/dbConnection.ts
FN:15,(anonymous_8)
FN:15,(anonymous_9)
FNF:2
FNH:2
FNDA:1,(anonymous_8)
FNDA:1,(anonymous_9)
DA:1,1
DA:2,1
DA:3,1
DA:4,1
DA:5,1
DA:11,1
DA:15,1
DA:16,1
DA:17,1
DA:18,1
DA:20,0
DA:24,1
LF:12
LH:11
BRDA:11,0,0,1
BRDA:11,0,1,0
BRF:2
BRH:1
end_of_record
TN:
SF:src/database/model/productDbModel.ts
FNF:0
FNH:0
DA:1,1
DA:3,1
DA:5,1
DA:7,1
LF:4
LH:4
BRF:0
BRH:0
end_of_record
TN:
SF:src/database/model/userAuthDbModel.ts
FNF:0
FNH:0
DA:1,1
DA:3,1
DA:5,1
DA:7,1
LF:4
LH:4
BRF:0
BRH:0
end_of_record
TN:
SF:src/database/schema/productSchema.ts
FNF:0
FNH:0
DA:1,1
DA:2,1
DA:8,1
DA:56,1
LF:4
LH:4
BRF:0
BRH:0
end_of_record
TN:
SF:src/database/schema/userAuthSchema.ts
FN:51,(anonymous_8)
FNF:1
FNH:0
FNDA:0,(anonymous_8)
DA:1,1
DA:2,1
DA:5,1
DA:6,1
DA:8,1
DA:51,1
DA:52,0
DA:53,0
DA:54,0
DA:57,0
DA:58,0
DA:63,0
DA:65,0
DA:66,0
DA:70,1
LF:15
LH:7
BRDA:53,0,0,0
BRDA:53,0,1,0
BRF:2
BRH:0
end_of_record
TN:
SF:src/handlers/asyncHandler.ts
FN:1,(anonymous_0)
FN:1,(anonymous_1)
FNF:2
FNH:1
FNDA:26,(anonymous_0)
FNDA:0,(anonymous_1)
DA:1,26
DA:2,0
DA:5,1
LF:3
LH:2
BRF:0
BRH:0
end_of_record
TN:
SF:src/helpers/cookieErrorResponse.ts
FNF:0
FNH:0
DA:1,1
DA:2,1
DA:4,1
LF:3
LH:3
BRDA:5,0,0,1
BRDA:5,0,1,0
BRF:2
BRH:1
end_of_record
TN:
SF:src/helpers/publicRouteSuccessResponse.ts
FN:3,(anonymous_7)
FN:3,(anonymous_8)
FN:11,(anonymous_9)
FN:13,(anonymous_10)
FNF:4
FNH:0
FNDA:0,(anonymous_7)
FNDA:0,(anonymous_8)
FNDA:0,(anonymous_9)
FNDA:0,(anonymous_10)
DA:3,1
DA:4,0
DA:11,1
DA:13,0
DA:14,0
LF:5
LH:2
BRF:0
BRH:0
end_of_record
TN:
SF:src/helpers/publicRoutesErrorResponse.ts
FNF:0
FNH:0
DA:1,1
DA:2,1
DA:4,1
DA:11,1
LF:4
LH:4
BRDA:5,0,0,1
BRDA:5,0,1,0
BRDA:12,1,0,1
BRDA:12,1,1,0
BRF:4
BRH:2
end_of_record
TN:
SF:src/helpers/standardErrorResponse.ts
FN:5,(anonymous_0)
FNF:1
FNH:0
FNDA:0,(anonymous_0)
DA:5,1
DA:6,0
LF:2
LH:1
BRF:0
BRH:0
end_of_record
TN:
SF:src/helpers/userAuthErrorResponse.ts
FNF:0
FNH:0
DA:1,1
DA:2,1
DA:4,1
DA:11,1
DA:18,1
DA:25,1
LF:6
LH:6
BRDA:5,0,0,1
BRDA:5,0,1,0
BRDA:12,1,0,1
BRDA:12,1,1,0
BRDA:19,2,0,1
BRDA:19,2,1,0
BRDA:26,3,0,1
BRDA:26,3,1,0
BRF:8
BRH:4
end_of_record
TN:
SF:src/helpers/userAuthSuccessResponse.ts
FN:3,(anonymous_7)
FN:6,(anonymous_8)
FN:17,(anonymous_9)
FN:20,(anonymous_10)
FN:41,(anonymous_11)
FN:45,(anonymous_12)
FN:57,(anonymous_13)
FN:60,(anonymous_14)
FNF:8
FNH:0
FNDA:0,(anonymous_7)
FNDA:0,(anonymous_8)
FNDA:0,(anonymous_9)
FNDA:0,(anonymous_10)
FNDA:0,(anonymous_11)
FNDA:0,(anonymous_12)
FNDA:0,(anonymous_13)
FNDA:0,(anonymous_14)
DA:3,1
DA:6,0
DA:7,0
DA:17,1
DA:20,0
DA:21,0
DA:31,1
DA:36,1
DA:41,1
DA:45,0
DA:46,0
DA:57,1
DA:60,0
DA:61,0
DA:71,1
LF:15
LH:7
BRF:0
BRH:0
end_of_record
TN:
SF:src/infosec/cookies/authentication/cookieAuthentication.ts
FN:16,(anonymous_8)
FN:16,(anonymous_9)
FN:36,(anonymous_10)
FN:36,(anonymous_11)
FN:44,(anonymous_12)
FNF:5
FNH:0
FNDA:0,(anonymous_8)
FNDA:0,(anonymous_9)
FNDA:0,(anonymous_10)
FNDA:0,(anonymous_11)
FNDA:0,(anonymous_12)
DA:2,1
DA:3,1
DA:5,1
DA:9,1
DA:10,1
DA:11,1
DA:13,1
DA:15,1
DA:16,0
DA:17,0
DA:18,0
DA:20,0
DA:25,0
DA:26,0
DA:27,0
DA:30,0
DA:35,1
DA:36,0
DA:37,0
DA:38,0
DA:39,0
DA:41,0
DA:45,0
DA:46,0
DA:47,0
DA:59,0
DA:66,0
DA:69,0
DA:71,0
DA:75,0
DA:76,0
DA:78,0
DA:81,0
DA:85,0
DA:92,1
LF:35
LH:10
BRDA:25,0,0,0
BRDA:25,0,1,0
BRDA:45,1,0,0
BRDA:45,1,1,0
BRDA:46,2,0,0
BRDA:46,2,1,0
BRDA:75,3,0,0
BRDA:75,3,1,0
BRF:8
BRH:0
end_of_record
TN:
SF:src/middleware/authentication/userAuthAuthentication.ts
FN:16,(anonymous_8)
FN:20,(anonymous_9)
FN:37,(anonymous_10)
FN:41,(anonymous_11)
FN:59,(anonymous_12)
FN:63,(anonymous_13)
FN:81,(anonymous_14)
FN:85,(anonymous_15)
FNF:8
FNH:0
FNDA:0,(anonymous_8)
FNDA:0,(anonymous_9)
FNDA:0,(anonymous_10)
FNDA:0,(anonymous_11)
FNDA:0,(anonymous_12)
FNDA:0,(anonymous_13)
FNDA:0,(anonymous_14)
FNDA:0,(anonymous_15)
DA:1,1
DA:2,1
DA:6,1
DA:7,1
DA:8,1
DA:10,1
DA:15,1
DA:20,0
DA:21,0
DA:22,0
DA:27,0
DA:28,0
DA:30,0
DA:36,1
DA:41,0
DA:42,0
DA:43,0
DA:48,0
DA:51,0
DA:53,0
DA:58,1
DA:63,0
DA:64,0
DA:65,0
DA:70,0
DA:71,0
DA:73,0
DA:75,0
DA:80,1
DA:85,0
DA:86,0
DA:87,0
DA:92,0
DA:93,0
DA:95,0
DA:101,1
DA:102,1
DA:103,1
DA:104,1
LF:39
LH:14
BRDA:22,0,0,0
BRDA:22,0,1,0
BRDA:43,1,0,0
BRDA:43,1,1,0
BRDA:65,2,0,0
BRDA:65,2,1,0
BRDA:87,3,0,0
BRDA:87,3,1,0
BRF:8
BRH:0
end_of_record
TN:
SF:src/middleware/custom/customErrorMiddleware.ts
FN:12,(anonymous_7)
FN:17,(anonymous_8)
FNF:2
FNH:0
FNDA:0,(anonymous_7)
FNDA:0,(anonymous_8)
DA:12,1
DA:17,0
DA:18,0
DA:19,0
DA:22,1
LF:5
LH:2
BRF:0
BRH:0
end_of_record
TN:
SF:src/middleware/custom/modifiedErrorHandler.ts
FN:5,(anonymous_0)
FNF:1
FNH:0
FNDA:0,(anonymous_0)
DA:6,0
DA:7,0
DA:13,1
LF:3
LH:1
BRF:0
BRH:0
end_of_record
TN:
SF:src/middleware/sanitization/publicRouteSanitizer.ts
FN:21,(anonymous_8)
FN:21,(anonymous_9)
FNF:2
FNH:0
FNDA:0,(anonymous_8)
FNDA:0,(anonymous_9)
DA:1,1
DA:2,1
DA:5,1
DA:7,1
DA:8,1
DA:10,1
DA:11,1
DA:13,1
DA:20,1
DA:21,0
DA:22,0
DA:23,0
DA:25,0
DA:26,0
DA:29,0
DA:38,0
DA:40,0
DA:45,1
LF:18
LH:10
BRDA:25,0,0,0
BRDA:25,0,1,0
BRDA:25,1,0,0
BRDA:25,1,1,0
BRDA:25,1,2,0
BRDA:25,1,3,0
BRDA:30,2,0,0
BRDA:30,2,1,0
BRDA:33,3,0,0
BRDA:33,3,1,0
BRF:10
BRH:0
end_of_record
TN:
SF:src/middleware/sanitization/userAuthSanitizer.ts
FN:32,(anonymous_8)
FN:36,(anonymous_9)
FN:55,(anonymous_10)
FN:59,(anonymous_11)
FN:76,(anonymous_12)
FN:80,(anonymous_13)
FN:98,(anonymous_14)
FN:102,(anonymous_15)
FN:121,(anonymous_16)
FN:125,(anonymous_17)
FNF:10
FNH:0
FNDA:0,(anonymous_8)
FNDA:0,(anonymous_9)
FNDA:0,(anonymous_10)
FNDA:0,(anonymous_11)
FNDA:0,(anonymous_12)
FNDA:0,(anonymous_13)
FNDA:0,(anonymous_14)
FNDA:0,(anonymous_15)
FNDA:0,(anonymous_16)
FNDA:0,(anonymous_17)
DA:1,1
DA:2,1
DA:5,1
DA:7,1
DA:8,1
DA:10,1
DA:24,1
DA:31,1
DA:36,0
DA:37,0
DA:39,0
DA:41,0
DA:47,0
DA:49,0
DA:54,1
DA:59,0
DA:60,0
DA:61,0
DA:63,0
DA:68,0
DA:70,0
DA:75,1
DA:80,0
DA:81,0
DA:82,0
DA:84,0
DA:90,0
DA:92,0
DA:97,1
DA:102,0
DA:103,0
DA:105,0
DA:107,0
DA:113,0
DA:115,0
DA:120,1
DA:125,0
DA:126,0
DA:128,0
DA:130,0
DA:136,0
DA:138,0
DA:144,1
DA:145,1
DA:146,1
DA:147,1
DA:148,1
LF:47
LH:17
BRF:0
BRH:0
end_of_record
TN:
SF:src/middleware/validation/authValidationSchema.ts
FNF:0
FNH:0
DA:1,1
DA:11,1
DA:19,1
DA:27,1
DA:34,1
DA:38,1
DA:44,1
DA:50,1
DA:55,1
DA:71,1
DA:84,1
DA:85,1
DA:86,1
DA:87,1
DA:88,1
LF:15
LH:15
BRF:0
BRH:0
end_of_record
TN:
SF:src/middleware/validation/userAuthValidator.ts
FN:46,(anonymous_8)
FN:50,(anonymous_9)
FN:56,(anonymous_10)
FN:61,(anonymous_11)
FN:71,(anonymous_12)
FN:75,(anonymous_13)
FN:83,(anonymous_14)
FN:88,(anonymous_15)
FN:98,(anonymous_16)
FN:102,(anonymous_17)
FN:110,(anonymous_18)
FN:115,(anonymous_19)
FN:125,(anonymous_20)
FN:129,(anonymous_21)
FN:137,(anonymous_22)
FN:142,(anonymous_23)
FN:152,(anonymous_24)
FN:156,(anonymous_25)
FN:164,(anonymous_26)
FN:169,(anonymous_27)
FNF:20
FNH:0
FNDA:0,(anonymous_8)
FNDA:0,(anonymous_9)
FNDA:0,(anonymous_10)
FNDA:0,(anonymous_11)
FNDA:0,(anonymous_12)
FNDA:0,(anonymous_13)
FNDA:0,(anonymous_14)
FNDA:0,(anonymous_15)
FNDA:0,(anonymous_16)
FNDA:0,(anonymous_17)
FNDA:0,(anonymous_18)
FNDA:0,(anonymous_19)
FNDA:0,(anonymous_20)
FNDA:0,(anonymous_21)
FNDA:0,(anonymous_22)
FNDA:0,(anonymous_23)
FNDA:0,(anonymous_24)
FNDA:0,(anonymous_25)
FNDA:0,(anonymous_26)
FNDA:0,(anonymous_27)
DA:1,1
DA:2,1
DA:12,1
DA:20,1
DA:22,1
DA:24,1
DA:26,1
DA:45,1
DA:50,0
DA:51,0
DA:52,0
DA:54,0
DA:57,0
DA:58,0
DA:59,0
DA:62,0
DA:65,0
DA:70,1
DA:75,0
DA:76,0
DA:77,0
DA:79,0
DA:84,0
DA:85,0
DA:86,0
DA:89,0
DA:92,0
DA:97,1
DA:102,0
DA:103,0
DA:104,0
DA:106,0
DA:111,0
DA:112,0
DA:113,0
DA:116,0
DA:119,0
DA:124,1
DA:129,0
DA:130,0
DA:131,0
DA:133,0
DA:138,0
DA:139,0
DA:140,0
DA:143,0
DA:146,0
DA:151,1
DA:156,0
DA:157,0
DA:158,0
DA:160,0
DA:165,0
DA:166,0
DA:167,0
DA:170,0
DA:173,0
DA:179,1
DA:180,1
DA:181,1
DA:182,1
DA:183,1
LF:62
LH:17
BRF:0
BRH:0
end_of_record
TN:
SF:src/routes/publicRoutes.ts
FN:42,(anonymous_8)
FN:42,(anonymous_9)
FN:43,(anonymous_10)
FNF:3
FNH:0
FNDA:0,(anonymous_8)
FNDA:0,(anonymous_9)
FNDA:0,(anonymous_10)
DA:1,1
DA:2,1
DA:3,1
DA:5,1
DA:10,1
DA:12,1
DA:26,1
DA:28,1
DA:35,1
DA:42,1
DA:43,0
DA:45,0
DA:47,0
DA:48,0
DA:51,1
LF:15
LH:11
BRF:0
BRH:0
end_of_record
TN:
SF:src/routes/userAuthRoutes.ts
FNF:0
FNH:0
DA:1,1
DA:2,1
DA:4,1
DA:6,1
DA:8,1
DA:13,1
DA:21,1
DA:29,1
DA:36,1
DA:79,1
DA:90,1
DA:119,1
DA:130,1
DA:166,1
DA:179,1
DA:192,1
DA:203,1
LF:17
LH:17
BRF:0
BRH:0
end_of_record
TN:
SF:src/utils/cookieOptions.ts
FN:5,(anonymous_8)
FN:5,(anonymous_9)
FN:15,(anonymous_10)
FN:15,(anonymous_11)
FNF:4
FNH:0
FNDA:0,(anonymous_8)
FNDA:0,(anonymous_9)
FNDA:0,(anonymous_10)
FNDA:0,(anonymous_11)
DA:1,1
DA:3,1
DA:5,1
DA:6,0
DA:15,1
DA:16,0
DA:25,1
DA:36,1
DA:46,1
LF:9
LH:7
BRDA:31,0,0,0
BRDA:31,0,1,1
BRDA:33,1,0,0
BRDA:33,1,1,1
BRDA:41,2,0,0
BRDA:41,2,1,1
BRDA:43,3,0,0
BRDA:43,3,1,1
BRDA:49,4,0,0
BRDA:49,4,1,1
BRF:10
BRH:5
end_of_record
TN:
SF:src/utils/isNumber.ts
FN:1,(anonymous_0)
FNF:1
FNH:0
FNDA:0,(anonymous_0)
DA:1,1
DA:2,0
LF:2
LH:1
BRDA:2,0,0,0
BRDA:2,0,1,0
BRF:2
BRH:0
end_of_record
TN:
SF:src/utils/regexValidators.ts
FNF:0
FNH:0
DA:1,1
DA:3,1
DA:5,1
DA:9,1
LF:4
LH:4
BRF:0
BRH:0
end_of_record
TN:
SF:src/utils/userAgentCleaner.ts
FN:1,(anonymous_7)
FN:1,(anonymous_8)
FNF:2
FNH:0
FNDA:0,(anonymous_7)
FNDA:0,(anonymous_8)
DA:1,1
DA:2,0
DA:3,0
DA:4,0
DA:7,0
DA:10,1
LF:6
LH:2
BRDA:3,0,0,0
BRDA:3,0,1,0
BRDA:3,1,0,0
BRDA:3,1,1,0
BRF:4
BRH:0
end_of_record
